[2018-09-08 16:59:53.952] [main] INFO  com.lv.zupu.ZupuApplicationTests - Starting ZupuApplicationTests on WIN7U-20170329W with PID 14640 (started by Administrator in D:\resource\workspace\zupu\zupu_family)
[2018-09-08 16:59:53.970] [main] INFO  com.lv.zupu.ZupuApplicationTests - No active profile set, falling back to default profiles: default
[2018-09-08 16:59:54.127] [main] INFO  o.s.w.context.support.GenericWebApplicationContext - Refreshing org.springframework.web.context.support.GenericWebApplicationContext@77d67cf3: startup date [Sat Sep 08 16:59:54 GMT+08:00 2018]; root of context hierarchy
[2018-09-08 16:59:55.248] [main] INFO  o.s.d.r.config.RepositoryConfigurationDelegate - Multiple Spring Data modules found, entering strict repository configuration mode!
[2018-09-08 16:59:55.792] [main] INFO  o.s.c.s.PostProcessorRegistrationDelegate$BeanPostProcessorChecker - Bean 'org.springframework.transaction.annotation.ProxyTransactionManagementConfiguration' of type [org.springframework.transaction.annotation.ProxyTransactionManagementConfiguration$$EnhancerBySpringCGLIB$$b544dee1] is not eligible for getting processed by all BeanPostProcessors (for example: not eligible for auto-proxying)
[2018-09-08 16:59:56.359] [main] INFO  o.s.scheduling.concurrent.ThreadPoolTaskExecutor - Initializing ExecutorService 
[2018-09-08 16:59:56.757] [main] INFO  c.a.d.s.b.a.DruidDataSourceAutoConfigure - Init DruidDataSource
[2018-09-08 16:59:57.257] [main] INFO  com.alibaba.druid.pool.DruidDataSource - {dataSource-1} inited
[2018-09-08 16:59:57.928] [main] INFO  o.s.web.servlet.handler.SimpleUrlHandlerMapping - Mapped URL path [/**/favicon.ico] onto handler of type [class org.springframework.web.servlet.resource.ResourceHttpRequestHandler]
[2018-09-08 16:59:58.174] [main] INFO  o.s.w.s.m.m.a.RequestMappingHandlerAdapter - Looking for @ControllerAdvice: org.springframework.web.context.support.GenericWebApplicationContext@77d67cf3: startup date [Sat Sep 08 16:59:54 GMT+08:00 2018]; root of context hierarchy
[2018-09-08 16:59:58.365] [main] INFO  o.s.w.s.m.m.a.RequestMappingHandlerMapping - Mapped "{[/demo/valid]}" onto public java.lang.String com.lv.zupu.controller.DemoController.validDemo(com.lv.zupu.entity.FamilyVo) throws com.fasterxml.jackson.core.JsonProcessingException
[2018-09-08 16:59:58.383] [main] INFO  o.s.w.s.m.m.a.RequestMappingHandlerMapping - Mapped "{[/demo/mylog]}" onto public java.lang.String com.lv.zupu.controller.DemoController.myLogDemo(java.lang.String)
[2018-09-08 16:59:58.383] [main] INFO  o.s.w.s.m.m.a.RequestMappingHandlerMapping - Mapped "{[/demo/thpoll]}" onto public java.lang.String com.lv.zupu.controller.DemoController.threadPollDemo(java.lang.String)
[2018-09-08 16:59:58.384] [main] INFO  o.s.w.s.m.m.a.RequestMappingHandlerMapping - Mapped "{[/demo/requestBodyTest]}" onto public java.lang.String com.lv.zupu.controller.DemoController.requestBodyTest(com.lv.zupu.domain.FamilyBo) throws com.fasterxml.jackson.core.JsonProcessingException
[2018-09-08 16:59:58.413] [main] INFO  o.s.w.s.m.m.a.RequestMappingHandlerMapping - Mapped "{[/error]}" onto public org.springframework.http.ResponseEntity<java.util.Map<java.lang.String, java.lang.Object>> org.springframework.boot.autoconfigure.web.servlet.error.BasicErrorController.error(javax.servlet.http.HttpServletRequest)
[2018-09-08 16:59:58.414] [main] INFO  o.s.w.s.m.m.a.RequestMappingHandlerMapping - Mapped "{[/error],produces=[text/html]}" onto public org.springframework.web.servlet.ModelAndView org.springframework.boot.autoconfigure.web.servlet.error.BasicErrorController.errorHtml(javax.servlet.http.HttpServletRequest,javax.servlet.http.HttpServletResponse)
[2018-09-08 16:59:58.465] [main] INFO  o.s.web.servlet.handler.SimpleUrlHandlerMapping - Mapped URL path [/webjars/**] onto handler of type [class org.springframework.web.servlet.resource.ResourceHttpRequestHandler]
[2018-09-08 16:59:58.465] [main] INFO  o.s.web.servlet.handler.SimpleUrlHandlerMapping - Mapped URL path [/**] onto handler of type [class org.springframework.web.servlet.resource.ResourceHttpRequestHandler]
[2018-09-08 16:59:58.485] [main] INFO  o.s.w.s.m.m.a.ExceptionHandlerExceptionResolver - Detected @ExceptionHandler methods in adviceErrorConfig
[2018-09-08 16:59:59.028] [main] INFO  com.lv.zupu.ZupuApplicationTests - Started ZupuApplicationTests in 5.757 seconds (JVM running for 7.486)
[2018-09-08 16:59:59.556] [Thread-3] INFO  o.s.w.context.support.GenericWebApplicationContext - Closing org.springframework.web.context.support.GenericWebApplicationContext@77d67cf3: startup date [Sat Sep 08 16:59:54 GMT+08:00 2018]; root of context hierarchy
[2018-09-08 16:59:59.563] [Thread-3] INFO  com.alibaba.druid.pool.DruidDataSource - {dataSource-1} closed
[2018-09-08 16:59:59.588] [Thread-3] INFO  o.s.scheduling.concurrent.ThreadPoolTaskExecutor - Shutting down ExecutorService
