[2018-09-08 17:01:41.959] [main] INFO  com.lv.zupu.ZupuApplicationTests - Starting ZupuApplicationTests on WIN7U-20170329W with PID 7596 (started by Administrator in D:\resource\workspace\zupu\zupu_family)
[2018-09-08 17:01:41.968] [main] INFO  com.lv.zupu.ZupuApplicationTests - No active profile set, falling back to default profiles: default
[2018-09-08 17:01:42.000] [main] INFO  o.s.w.context.support.GenericWebApplicationContext - Refreshing org.springframework.web.context.support.GenericWebApplicationContext@77d67cf3: startup date [Sat Sep 08 17:01:42 GMT+08:00 2018]; root of context hierarchy
[2018-09-08 17:01:42.846] [main] INFO  o.s.d.r.config.RepositoryConfigurationDelegate - Multiple Spring Data modules found, entering strict repository configuration mode!
[2018-09-08 17:01:43.348] [main] INFO  o.s.c.s.PostProcessorRegistrationDelegate$BeanPostProcessorChecker - Bean 'org.springframework.transaction.annotation.ProxyTransactionManagementConfiguration' of type [org.springframework.transaction.annotation.ProxyTransactionManagementConfiguration$$EnhancerBySpringCGLIB$$4406730] is not eligible for getting processed by all BeanPostProcessors (for example: not eligible for auto-proxying)
[2018-09-08 17:01:43.765] [main] INFO  o.s.scheduling.concurrent.ThreadPoolTaskExecutor - Initializing ExecutorService 
[2018-09-08 17:01:44.169] [main] INFO  c.a.d.s.b.a.DruidDataSourceAutoConfigure - Init DruidDataSource
[2018-09-08 17:01:44.620] [main] INFO  com.alibaba.druid.pool.DruidDataSource - {dataSource-1} inited
[2018-09-08 17:01:45.264] [main] INFO  o.s.web.servlet.handler.SimpleUrlHandlerMapping - Mapped URL path [/**/favicon.ico] onto handler of type [class org.springframework.web.servlet.resource.ResourceHttpRequestHandler]
[2018-09-08 17:01:45.476] [main] INFO  o.s.w.s.m.m.a.RequestMappingHandlerAdapter - Looking for @ControllerAdvice: org.springframework.web.context.support.GenericWebApplicationContext@77d67cf3: startup date [Sat Sep 08 17:01:42 GMT+08:00 2018]; root of context hierarchy
[2018-09-08 17:01:45.548] [main] INFO  o.s.w.s.m.m.a.RequestMappingHandlerMapping - Mapped "{[/demo/valid]}" onto public java.lang.String com.lv.zupu.controller.DemoController.validDemo(com.lv.zupu.entity.FamilyVo) throws com.fasterxml.jackson.core.JsonProcessingException
[2018-09-08 17:01:45.549] [main] INFO  o.s.w.s.m.m.a.RequestMappingHandlerMapping - Mapped "{[/demo/mylog]}" onto public java.lang.String com.lv.zupu.controller.DemoController.myLogDemo(java.lang.String)
[2018-09-08 17:01:45.549] [main] INFO  o.s.w.s.m.m.a.RequestMappingHandlerMapping - Mapped "{[/demo/thpoll]}" onto public java.lang.String com.lv.zupu.controller.DemoController.threadPollDemo(java.lang.String)
[2018-09-08 17:01:45.550] [main] INFO  o.s.w.s.m.m.a.RequestMappingHandlerMapping - Mapped "{[/demo/requestBodyTest]}" onto public java.lang.String com.lv.zupu.controller.DemoController.requestBodyTest(com.lv.zupu.domain.FamilyBo) throws com.fasterxml.jackson.core.JsonProcessingException
[2018-09-08 17:01:45.551] [main] INFO  o.s.w.s.m.m.a.RequestMappingHandlerMapping - Mapped "{[/error]}" onto public org.springframework.http.ResponseEntity<java.util.Map<java.lang.String, java.lang.Object>> org.springframework.boot.autoconfigure.web.servlet.error.BasicErrorController.error(javax.servlet.http.HttpServletRequest)
[2018-09-08 17:01:45.553] [main] INFO  o.s.w.s.m.m.a.RequestMappingHandlerMapping - Mapped "{[/error],produces=[text/html]}" onto public org.springframework.web.servlet.ModelAndView org.springframework.boot.autoconfigure.web.servlet.error.BasicErrorController.errorHtml(javax.servlet.http.HttpServletRequest,javax.servlet.http.HttpServletResponse)
[2018-09-08 17:01:45.586] [main] INFO  o.s.web.servlet.handler.SimpleUrlHandlerMapping - Mapped URL path [/webjars/**] onto handler of type [class org.springframework.web.servlet.resource.ResourceHttpRequestHandler]
[2018-09-08 17:01:45.587] [main] INFO  o.s.web.servlet.handler.SimpleUrlHandlerMapping - Mapped URL path [/**] onto handler of type [class org.springframework.web.servlet.resource.ResourceHttpRequestHandler]
[2018-09-08 17:01:45.609] [main] INFO  o.s.w.s.m.m.a.ExceptionHandlerExceptionResolver - Detected @ExceptionHandler methods in adviceErrorConfig
[2018-09-08 17:01:46.106] [main] INFO  com.lv.zupu.ZupuApplicationTests - Started ZupuApplicationTests in 5.17 seconds (JVM running for 6.228)
[2018-09-08 17:01:46.508] [Thread-3] INFO  o.s.w.context.support.GenericWebApplicationContext - Closing org.springframework.web.context.support.GenericWebApplicationContext@77d67cf3: startup date [Sat Sep 08 17:01:42 GMT+08:00 2018]; root of context hierarchy
[2018-09-08 17:01:46.520] [Thread-3] INFO  com.alibaba.druid.pool.DruidDataSource - {dataSource-1} closed
[2018-09-08 17:01:46.529] [Thread-3] INFO  o.s.scheduling.concurrent.ThreadPoolTaskExecutor - Shutting down ExecutorService
[2018-09-08 17:04:34.326] [main] INFO  com.lv.zupu.ZupuApplicationTests - Starting ZupuApplicationTests on WIN7U-20170329W with PID 7824 (started by Administrator in D:\resource\workspace\zupu\zupu_family)
[2018-09-08 17:04:34.328] [main] INFO  com.lv.zupu.ZupuApplicationTests - No active profile set, falling back to default profiles: default
[2018-09-08 17:04:34.365] [main] INFO  o.s.w.context.support.GenericWebApplicationContext - Refreshing org.springframework.web.context.support.GenericWebApplicationContext@77d67cf3: startup date [Sat Sep 08 17:04:34 GMT+08:00 2018]; root of context hierarchy
[2018-09-08 17:04:35.179] [main] INFO  o.s.d.r.config.RepositoryConfigurationDelegate - Multiple Spring Data modules found, entering strict repository configuration mode!
[2018-09-08 17:04:35.374] [main] DEBUG org.apache.ibatis.logging.LogFactory - Logging initialized using 'class org.apache.ibatis.logging.slf4j.Slf4jImpl' adapter.
[2018-09-08 17:04:35.621] [main] INFO  o.s.c.s.PostProcessorRegistrationDelegate$BeanPostProcessorChecker - Bean 'org.springframework.transaction.annotation.ProxyTransactionManagementConfiguration' of type [org.springframework.transaction.annotation.ProxyTransactionManagementConfiguration$$EnhancerBySpringCGLIB$$5cf2b194] is not eligible for getting processed by all BeanPostProcessors (for example: not eligible for auto-proxying)
[2018-09-08 17:04:36.004] [main] INFO  o.s.scheduling.concurrent.ThreadPoolTaskExecutor - Initializing ExecutorService 
[2018-09-08 17:04:36.373] [main] INFO  c.a.d.s.b.a.DruidDataSourceAutoConfigure - Init DruidDataSource
[2018-09-08 17:04:36.795] [main] INFO  com.alibaba.druid.pool.DruidDataSource - {dataSource-1} inited
[2018-09-08 17:04:36.841] [main] DEBUG org.apache.ibatis.io.VFS - Using VFS adapter com.baomidou.mybatisplus.spring.boot.starter.SpringBootVFS
[2018-09-08 17:04:36.843] [main] DEBUG org.apache.ibatis.io.ResolverUtil - Checking to see if class com.lv.zupu.entity.FamilyVo matches criteria [is assignable to Object]
[2018-09-08 17:04:37.331] [main] INFO  o.s.web.servlet.handler.SimpleUrlHandlerMapping - Mapped URL path [/**/favicon.ico] onto handler of type [class org.springframework.web.servlet.resource.ResourceHttpRequestHandler]
[2018-09-08 17:04:37.532] [main] INFO  o.s.w.s.m.m.a.RequestMappingHandlerAdapter - Looking for @ControllerAdvice: org.springframework.web.context.support.GenericWebApplicationContext@77d67cf3: startup date [Sat Sep 08 17:04:34 GMT+08:00 2018]; root of context hierarchy
[2018-09-08 17:04:37.611] [main] INFO  o.s.w.s.m.m.a.RequestMappingHandlerMapping - Mapped "{[/demo/valid]}" onto public java.lang.String com.lv.zupu.controller.DemoController.validDemo(com.lv.zupu.entity.FamilyVo) throws com.fasterxml.jackson.core.JsonProcessingException
[2018-09-08 17:04:37.613] [main] INFO  o.s.w.s.m.m.a.RequestMappingHandlerMapping - Mapped "{[/demo/mylog]}" onto public java.lang.String com.lv.zupu.controller.DemoController.myLogDemo(java.lang.String)
[2018-09-08 17:04:37.614] [main] INFO  o.s.w.s.m.m.a.RequestMappingHandlerMapping - Mapped "{[/demo/thpoll]}" onto public java.lang.String com.lv.zupu.controller.DemoController.threadPollDemo(java.lang.String)
[2018-09-08 17:04:37.614] [main] INFO  o.s.w.s.m.m.a.RequestMappingHandlerMapping - Mapped "{[/demo/requestBodyTest]}" onto public java.lang.String com.lv.zupu.controller.DemoController.requestBodyTest(com.lv.zupu.domain.FamilyBo) throws com.fasterxml.jackson.core.JsonProcessingException
[2018-09-08 17:04:37.617] [main] INFO  o.s.w.s.m.m.a.RequestMappingHandlerMapping - Mapped "{[/error]}" onto public org.springframework.http.ResponseEntity<java.util.Map<java.lang.String, java.lang.Object>> org.springframework.boot.autoconfigure.web.servlet.error.BasicErrorController.error(javax.servlet.http.HttpServletRequest)
[2018-09-08 17:04:37.618] [main] INFO  o.s.w.s.m.m.a.RequestMappingHandlerMapping - Mapped "{[/error],produces=[text/html]}" onto public org.springframework.web.servlet.ModelAndView org.springframework.boot.autoconfigure.web.servlet.error.BasicErrorController.errorHtml(javax.servlet.http.HttpServletRequest,javax.servlet.http.HttpServletResponse)
[2018-09-08 17:04:37.652] [main] INFO  o.s.web.servlet.handler.SimpleUrlHandlerMapping - Mapped URL path [/webjars/**] onto handler of type [class org.springframework.web.servlet.resource.ResourceHttpRequestHandler]
[2018-09-08 17:04:37.652] [main] INFO  o.s.web.servlet.handler.SimpleUrlHandlerMapping - Mapped URL path [/**] onto handler of type [class org.springframework.web.servlet.resource.ResourceHttpRequestHandler]
[2018-09-08 17:04:37.673] [main] INFO  o.s.w.s.m.m.a.ExceptionHandlerExceptionResolver - Detected @ExceptionHandler methods in adviceErrorConfig
[2018-09-08 17:04:38.143] [main] INFO  com.lv.zupu.ZupuApplicationTests - Started ZupuApplicationTests in 4.512 seconds (JVM running for 5.743)
[2018-09-08 17:04:38.514] [Thread-3] INFO  o.s.w.context.support.GenericWebApplicationContext - Closing org.springframework.web.context.support.GenericWebApplicationContext@77d67cf3: startup date [Sat Sep 08 17:04:34 GMT+08:00 2018]; root of context hierarchy
[2018-09-08 17:04:38.524] [Thread-3] INFO  com.alibaba.druid.pool.DruidDataSource - {dataSource-1} closed
[2018-09-08 17:04:38.536] [Thread-3] INFO  o.s.scheduling.concurrent.ThreadPoolTaskExecutor - Shutting down ExecutorService
[2018-09-08 17:09:00.285] [main] INFO  com.lv.zupu.ZupuApplicationTests - Starting ZupuApplicationTests on WIN7U-20170329W with PID 12320 (started by Administrator in D:\resource\workspace\zupu\zupu_family)
[2018-09-08 17:09:00.286] [main] INFO  com.lv.zupu.ZupuApplicationTests - No active profile set, falling back to default profiles: default
[2018-09-08 17:09:00.328] [main] INFO  o.s.w.context.support.GenericWebApplicationContext - Refreshing org.springframework.web.context.support.GenericWebApplicationContext@6ee6f53: startup date [Sat Sep 08 17:09:00 GMT+08:00 2018]; root of context hierarchy
[2018-09-08 17:09:01.036] [main] INFO  o.s.d.r.config.RepositoryConfigurationDelegate - Multiple Spring Data modules found, entering strict repository configuration mode!
[2018-09-08 17:09:01.281] [main] DEBUG org.apache.ibatis.logging.LogFactory - Logging initialized using 'class org.apache.ibatis.logging.slf4j.Slf4jImpl' adapter.
[2018-09-08 17:09:01.546] [main] INFO  o.s.c.s.PostProcessorRegistrationDelegate$BeanPostProcessorChecker - Bean 'org.springframework.transaction.annotation.ProxyTransactionManagementConfiguration' of type [org.springframework.transaction.annotation.ProxyTransactionManagementConfiguration$$EnhancerBySpringCGLIB$$9f89458c] is not eligible for getting processed by all BeanPostProcessors (for example: not eligible for auto-proxying)
[2018-09-08 17:09:01.931] [main] INFO  o.s.scheduling.concurrent.ThreadPoolTaskExecutor - Initializing ExecutorService 
[2018-09-08 17:09:02.318] [main] INFO  c.a.d.s.b.a.DruidDataSourceAutoConfigure - Init DruidDataSource
[2018-09-08 17:09:02.775] [main] INFO  com.alibaba.druid.pool.DruidDataSource - {dataSource-1} inited
[2018-09-08 17:09:02.813] [main] DEBUG org.apache.ibatis.io.VFS - Using VFS adapter com.baomidou.mybatisplus.spring.boot.starter.SpringBootVFS
[2018-09-08 17:09:02.814] [main] DEBUG org.apache.ibatis.io.ResolverUtil - Checking to see if class com.lv.zupu.entity.FamilyVo matches criteria [is assignable to Object]
[2018-09-08 17:09:03.236] [main] INFO  o.s.web.servlet.handler.SimpleUrlHandlerMapping - Mapped URL path [/**/favicon.ico] onto handler of type [class org.springframework.web.servlet.resource.ResourceHttpRequestHandler]
[2018-09-08 17:09:03.465] [main] INFO  o.s.w.s.m.m.a.RequestMappingHandlerAdapter - Looking for @ControllerAdvice: org.springframework.web.context.support.GenericWebApplicationContext@6ee6f53: startup date [Sat Sep 08 17:09:00 GMT+08:00 2018]; root of context hierarchy
[2018-09-08 17:09:03.535] [main] INFO  o.s.w.s.m.m.a.RequestMappingHandlerMapping - Mapped "{[/demo/valid]}" onto public java.lang.String com.lv.zupu.controller.DemoController.validDemo(com.lv.zupu.entity.FamilyVo) throws com.fasterxml.jackson.core.JsonProcessingException
[2018-09-08 17:09:03.536] [main] INFO  o.s.w.s.m.m.a.RequestMappingHandlerMapping - Mapped "{[/demo/mylog]}" onto public java.lang.String com.lv.zupu.controller.DemoController.myLogDemo(java.lang.String)
[2018-09-08 17:09:03.537] [main] INFO  o.s.w.s.m.m.a.RequestMappingHandlerMapping - Mapped "{[/demo/thpoll]}" onto public java.lang.String com.lv.zupu.controller.DemoController.threadPollDemo(java.lang.String)
[2018-09-08 17:09:03.537] [main] INFO  o.s.w.s.m.m.a.RequestMappingHandlerMapping - Mapped "{[/demo/requestBodyTest]}" onto public java.lang.String com.lv.zupu.controller.DemoController.requestBodyTest(com.lv.zupu.domain.FamilyBo) throws com.fasterxml.jackson.core.JsonProcessingException
[2018-09-08 17:09:03.538] [main] INFO  o.s.w.s.m.m.a.RequestMappingHandlerMapping - Mapped "{[/error]}" onto public org.springframework.http.ResponseEntity<java.util.Map<java.lang.String, java.lang.Object>> org.springframework.boot.autoconfigure.web.servlet.error.BasicErrorController.error(javax.servlet.http.HttpServletRequest)
[2018-09-08 17:09:03.539] [main] INFO  o.s.w.s.m.m.a.RequestMappingHandlerMapping - Mapped "{[/error],produces=[text/html]}" onto public org.springframework.web.servlet.ModelAndView org.springframework.boot.autoconfigure.web.servlet.error.BasicErrorController.errorHtml(javax.servlet.http.HttpServletRequest,javax.servlet.http.HttpServletResponse)
[2018-09-08 17:09:03.567] [main] INFO  o.s.web.servlet.handler.SimpleUrlHandlerMapping - Mapped URL path [/webjars/**] onto handler of type [class org.springframework.web.servlet.resource.ResourceHttpRequestHandler]
[2018-09-08 17:09:03.568] [main] INFO  o.s.web.servlet.handler.SimpleUrlHandlerMapping - Mapped URL path [/**] onto handler of type [class org.springframework.web.servlet.resource.ResourceHttpRequestHandler]
[2018-09-08 17:09:03.583] [main] INFO  o.s.w.s.m.m.a.ExceptionHandlerExceptionResolver - Detected @ExceptionHandler methods in adviceErrorConfig
[2018-09-08 17:09:04.099] [main] INFO  com.lv.zupu.ZupuApplicationTests - Started ZupuApplicationTests in 4.577 seconds (JVM running for 5.563)
[2018-09-08 17:09:04.432] [Thread-3] INFO  o.s.w.context.support.GenericWebApplicationContext - Closing org.springframework.web.context.support.GenericWebApplicationContext@6ee6f53: startup date [Sat Sep 08 17:09:00 GMT+08:00 2018]; root of context hierarchy
[2018-09-08 17:09:04.438] [Thread-3] INFO  com.alibaba.druid.pool.DruidDataSource - {dataSource-1} closed
[2018-09-08 17:09:04.449] [Thread-3] INFO  o.s.scheduling.concurrent.ThreadPoolTaskExecutor - Shutting down ExecutorService
[2018-09-08 17:13:29.229] [main] INFO  com.lv.zupu.ZupuApplicationTests - Starting ZupuApplicationTests on WIN7U-20170329W with PID 10296 (started by Administrator in D:\resource\workspace\zupu\zupu_family)
[2018-09-08 17:13:29.230] [main] INFO  com.lv.zupu.ZupuApplicationTests - No active profile set, falling back to default profiles: default
[2018-09-08 17:13:29.271] [main] INFO  o.s.w.context.support.GenericWebApplicationContext - Refreshing org.springframework.web.context.support.GenericWebApplicationContext@6ee6f53: startup date [Sat Sep 08 17:13:29 GMT+08:00 2018]; root of context hierarchy
[2018-09-08 17:13:29.939] [main] INFO  o.s.d.r.config.RepositoryConfigurationDelegate - Multiple Spring Data modules found, entering strict repository configuration mode!
[2018-09-08 17:13:30.156] [main] DEBUG org.apache.ibatis.logging.LogFactory - Logging initialized using 'class org.apache.ibatis.logging.slf4j.Slf4jImpl' adapter.
[2018-09-08 17:13:30.465] [main] INFO  o.s.c.s.PostProcessorRegistrationDelegate$BeanPostProcessorChecker - Bean 'org.springframework.transaction.annotation.ProxyTransactionManagementConfiguration' of type [org.springframework.transaction.annotation.ProxyTransactionManagementConfiguration$$EnhancerBySpringCGLIB$$9f89458c] is not eligible for getting processed by all BeanPostProcessors (for example: not eligible for auto-proxying)
[2018-09-08 17:13:30.845] [main] INFO  o.s.scheduling.concurrent.ThreadPoolTaskExecutor - Initializing ExecutorService 
[2018-09-08 17:13:31.214] [main] INFO  c.a.d.s.b.a.DruidDataSourceAutoConfigure - Init DruidDataSource
[2018-09-08 17:13:31.682] [main] INFO  com.alibaba.druid.pool.DruidDataSource - {dataSource-1} inited
[2018-09-08 17:13:31.723] [main] DEBUG org.apache.ibatis.io.VFS - Using VFS adapter com.baomidou.mybatisplus.spring.boot.starter.SpringBootVFS
[2018-09-08 17:13:31.724] [main] DEBUG org.apache.ibatis.io.ResolverUtil - Checking to see if class com.lv.zupu.entity.FamilyVo matches criteria [is assignable to Object]
[2018-09-08 17:13:32.265] [main] INFO  o.s.web.servlet.handler.SimpleUrlHandlerMapping - Mapped URL path [/**/favicon.ico] onto handler of type [class org.springframework.web.servlet.resource.ResourceHttpRequestHandler]
[2018-09-08 17:13:32.473] [main] INFO  o.s.w.s.m.m.a.RequestMappingHandlerAdapter - Looking for @ControllerAdvice: org.springframework.web.context.support.GenericWebApplicationContext@6ee6f53: startup date [Sat Sep 08 17:13:29 GMT+08:00 2018]; root of context hierarchy
[2018-09-08 17:13:32.547] [main] INFO  o.s.w.s.m.m.a.RequestMappingHandlerMapping - Mapped "{[/demo/valid]}" onto public java.lang.String com.lv.zupu.controller.DemoController.validDemo(com.lv.zupu.entity.FamilyVo) throws com.fasterxml.jackson.core.JsonProcessingException
[2018-09-08 17:13:32.548] [main] INFO  o.s.w.s.m.m.a.RequestMappingHandlerMapping - Mapped "{[/demo/mylog]}" onto public java.lang.String com.lv.zupu.controller.DemoController.myLogDemo(java.lang.String)
[2018-09-08 17:13:32.548] [main] INFO  o.s.w.s.m.m.a.RequestMappingHandlerMapping - Mapped "{[/demo/thpoll]}" onto public java.lang.String com.lv.zupu.controller.DemoController.threadPollDemo(java.lang.String)
[2018-09-08 17:13:32.548] [main] INFO  o.s.w.s.m.m.a.RequestMappingHandlerMapping - Mapped "{[/demo/requestBodyTest]}" onto public java.lang.String com.lv.zupu.controller.DemoController.requestBodyTest(com.lv.zupu.domain.FamilyBo) throws com.fasterxml.jackson.core.JsonProcessingException
[2018-09-08 17:13:32.550] [main] INFO  o.s.w.s.m.m.a.RequestMappingHandlerMapping - Mapped "{[/error]}" onto public org.springframework.http.ResponseEntity<java.util.Map<java.lang.String, java.lang.Object>> org.springframework.boot.autoconfigure.web.servlet.error.BasicErrorController.error(javax.servlet.http.HttpServletRequest)
[2018-09-08 17:13:32.550] [main] INFO  o.s.w.s.m.m.a.RequestMappingHandlerMapping - Mapped "{[/error],produces=[text/html]}" onto public org.springframework.web.servlet.ModelAndView org.springframework.boot.autoconfigure.web.servlet.error.BasicErrorController.errorHtml(javax.servlet.http.HttpServletRequest,javax.servlet.http.HttpServletResponse)
[2018-09-08 17:13:32.586] [main] INFO  o.s.web.servlet.handler.SimpleUrlHandlerMapping - Mapped URL path [/webjars/**] onto handler of type [class org.springframework.web.servlet.resource.ResourceHttpRequestHandler]
[2018-09-08 17:13:32.586] [main] INFO  o.s.web.servlet.handler.SimpleUrlHandlerMapping - Mapped URL path [/**] onto handler of type [class org.springframework.web.servlet.resource.ResourceHttpRequestHandler]
[2018-09-08 17:13:32.602] [main] INFO  o.s.w.s.m.m.a.ExceptionHandlerExceptionResolver - Detected @ExceptionHandler methods in adviceErrorConfig
[2018-09-08 17:13:33.113] [main] INFO  com.lv.zupu.ZupuApplicationTests - Started ZupuApplicationTests in 4.664 seconds (JVM running for 5.775)
[2018-09-08 17:13:33.310] [main] DEBUG com.lv.zupu.mapperDao.FamilyMapperDao.selectPage - ==>  Preparing: SELECT COUNT(1) FROM zupu_family WHERE isDelete = 1 
[2018-09-08 17:13:33.464] [main] DEBUG com.lv.zupu.mapperDao.FamilyMapperDao.selectPage - ==> Parameters: 
[2018-09-08 17:13:33.491] [main] DEBUG com.lv.zupu.mapperDao.FamilyMapperDao.selectPage - ==>  Preparing: SELECT id,familyName,createTime,createUserId,updateTime,coverImgUrl,`describe`,authorName,isDelete FROM zupu_family WHERE isDelete=1 LIMIT 0,2 
[2018-09-08 17:13:33.493] [main] DEBUG com.lv.zupu.mapperDao.FamilyMapperDao.selectPage - ==> Parameters: 
[2018-09-08 17:13:33.500] [main] DEBUG com.lv.zupu.mapperDao.FamilyMapperDao.selectPage - <==      Total: 2
[2018-09-08 17:13:33.506] [Thread-3] INFO  o.s.w.context.support.GenericWebApplicationContext - Closing org.springframework.web.context.support.GenericWebApplicationContext@6ee6f53: startup date [Sat Sep 08 17:13:29 GMT+08:00 2018]; root of context hierarchy
[2018-09-08 17:13:33.515] [Thread-3] INFO  com.alibaba.druid.pool.DruidDataSource - {dataSource-1} closed
[2018-09-08 17:13:33.524] [Thread-3] INFO  o.s.scheduling.concurrent.ThreadPoolTaskExecutor - Shutting down ExecutorService
[2018-09-08 17:33:30.876] [main] INFO  com.lv.zupu.ZupuApplicationTests - Starting ZupuApplicationTests on WIN7U-20170329W with PID 12384 (started by Administrator in D:\resource\workspace\zupu\zupu_family)
[2018-09-08 17:33:30.903] [main] INFO  com.lv.zupu.ZupuApplicationTests - No active profile set, falling back to default profiles: default
[2018-09-08 17:33:30.946] [main] INFO  o.s.w.context.support.GenericWebApplicationContext - Refreshing org.springframework.web.context.support.GenericWebApplicationContext@5d12a356: startup date [Sat Sep 08 17:33:30 GMT+08:00 2018]; root of context hierarchy
[2018-09-08 17:33:32.162] [main] INFO  o.s.d.r.config.RepositoryConfigurationDelegate - Multiple Spring Data modules found, entering strict repository configuration mode!
[2018-09-08 17:33:32.441] [main] DEBUG org.apache.ibatis.logging.LogFactory - Logging initialized using 'class org.apache.ibatis.logging.slf4j.Slf4jImpl' adapter.
[2018-09-08 17:33:32.823] [main] INFO  o.s.c.s.PostProcessorRegistrationDelegate$BeanPostProcessorChecker - Bean 'org.springframework.transaction.annotation.ProxyTransactionManagementConfiguration' of type [org.springframework.transaction.annotation.ProxyTransactionManagementConfiguration$$EnhancerBySpringCGLIB$$4406730] is not eligible for getting processed by all BeanPostProcessors (for example: not eligible for auto-proxying)
[2018-09-08 17:33:33.376] [main] INFO  o.s.scheduling.concurrent.ThreadPoolTaskExecutor - Initializing ExecutorService 
[2018-09-08 17:33:33.932] [main] INFO  c.a.d.s.b.a.DruidDataSourceAutoConfigure - Init DruidDataSource
[2018-09-08 17:33:34.546] [main] INFO  com.alibaba.druid.pool.DruidDataSource - {dataSource-1} inited
[2018-09-08 17:33:34.592] [main] DEBUG org.apache.ibatis.io.VFS - Using VFS adapter com.baomidou.mybatisplus.spring.boot.starter.SpringBootVFS
[2018-09-08 17:33:34.594] [main] DEBUG org.apache.ibatis.io.ResolverUtil - Checking to see if class com.lv.zupu.entity.FamilyVo matches criteria [is assignable to Object]
[2018-09-08 17:33:35.149] [main] INFO  o.s.web.servlet.handler.SimpleUrlHandlerMapping - Mapped URL path [/**/favicon.ico] onto handler of type [class org.springframework.web.servlet.resource.ResourceHttpRequestHandler]
[2018-09-08 17:33:35.431] [main] INFO  o.s.w.s.m.m.a.RequestMappingHandlerAdapter - Looking for @ControllerAdvice: org.springframework.web.context.support.GenericWebApplicationContext@5d12a356: startup date [Sat Sep 08 17:33:30 GMT+08:00 2018]; root of context hierarchy
[2018-09-08 17:33:35.522] [main] INFO  o.s.w.s.m.m.a.RequestMappingHandlerMapping - Mapped "{[/demo/valid]}" onto public java.lang.String com.lv.zupu.controller.DemoController.validDemo(com.lv.zupu.entity.FamilyVo) throws com.fasterxml.jackson.core.JsonProcessingException
[2018-09-08 17:33:35.524] [main] INFO  o.s.w.s.m.m.a.RequestMappingHandlerMapping - Mapped "{[/demo/mylog]}" onto public java.lang.String com.lv.zupu.controller.DemoController.myLogDemo(java.lang.String)
[2018-09-08 17:33:35.524] [main] INFO  o.s.w.s.m.m.a.RequestMappingHandlerMapping - Mapped "{[/demo/thpoll]}" onto public java.lang.String com.lv.zupu.controller.DemoController.threadPollDemo(java.lang.String)
[2018-09-08 17:33:35.524] [main] INFO  o.s.w.s.m.m.a.RequestMappingHandlerMapping - Mapped "{[/demo/requestBodyTest]}" onto public java.lang.String com.lv.zupu.controller.DemoController.requestBodyTest(com.lv.zupu.domain.FamilyBo) throws com.fasterxml.jackson.core.JsonProcessingException
[2018-09-08 17:33:35.526] [main] INFO  o.s.w.s.m.m.a.RequestMappingHandlerMapping - Mapped "{[/error]}" onto public org.springframework.http.ResponseEntity<java.util.Map<java.lang.String, java.lang.Object>> org.springframework.boot.autoconfigure.web.servlet.error.BasicErrorController.error(javax.servlet.http.HttpServletRequest)
[2018-09-08 17:33:35.527] [main] INFO  o.s.w.s.m.m.a.RequestMappingHandlerMapping - Mapped "{[/error],produces=[text/html]}" onto public org.springframework.web.servlet.ModelAndView org.springframework.boot.autoconfigure.web.servlet.error.BasicErrorController.errorHtml(javax.servlet.http.HttpServletRequest,javax.servlet.http.HttpServletResponse)
[2018-09-08 17:33:35.574] [main] INFO  o.s.web.servlet.handler.SimpleUrlHandlerMapping - Mapped URL path [/webjars/**] onto handler of type [class org.springframework.web.servlet.resource.ResourceHttpRequestHandler]
[2018-09-08 17:33:35.575] [main] INFO  o.s.web.servlet.handler.SimpleUrlHandlerMapping - Mapped URL path [/**] onto handler of type [class org.springframework.web.servlet.resource.ResourceHttpRequestHandler]
[2018-09-08 17:33:35.595] [main] INFO  o.s.w.s.m.m.a.ExceptionHandlerExceptionResolver - Detected @ExceptionHandler methods in adviceErrorConfig
[2018-09-08 17:33:36.145] [main] INFO  com.lv.zupu.ZupuApplicationTests - Started ZupuApplicationTests in 5.808 seconds (JVM running for 7.171)
[2018-09-08 17:33:36.595] [main] DEBUG com.lv.zupu.mapperDao.FamilyMapperDao.selectPage - ==>  Preparing: SELECT COUNT(1) FROM zupu_family WHERE isDelete = 1 
[2018-09-08 17:33:36.797] [main] DEBUG com.lv.zupu.mapperDao.FamilyMapperDao.selectPage - ==> Parameters: 
[2018-09-08 17:33:36.834] [main] DEBUG com.lv.zupu.mapperDao.FamilyMapperDao.selectPage - ==>  Preparing: SELECT id,familyName,createTime,createUserId,updateTime,coverImgUrl,`describe`,authorName,isDelete FROM zupu_family WHERE isDelete=1 LIMIT 0,2 
[2018-09-08 17:33:36.837] [main] DEBUG com.lv.zupu.mapperDao.FamilyMapperDao.selectPage - ==> Parameters: 
[2018-09-08 17:33:36.843] [main] DEBUG com.lv.zupu.mapperDao.FamilyMapperDao.selectPage - <==      Total: 2
[2018-09-08 17:33:36.845] [main] DEBUG com.lv.zupu.mapperDao.FamilyMapperDao.selectPage - ==>  Preparing: SELECT COUNT(1) FROM zupu_family WHERE isDelete = 1 
[2018-09-08 17:33:36.846] [main] DEBUG com.lv.zupu.mapperDao.FamilyMapperDao.selectPage - ==> Parameters: 
[2018-09-08 17:33:36.849] [main] DEBUG com.lv.zupu.mapperDao.FamilyMapperDao.selectPage - ==>  Preparing: SELECT id,familyName,createTime,createUserId,updateTime,coverImgUrl,`describe`,authorName,isDelete FROM zupu_family WHERE isDelete=1 LIMIT 0,2 
[2018-09-08 17:33:36.850] [main] DEBUG com.lv.zupu.mapperDao.FamilyMapperDao.selectPage - ==> Parameters: 
[2018-09-08 17:33:36.854] [main] DEBUG com.lv.zupu.mapperDao.FamilyMapperDao.selectPage - <==      Total: 2
[2018-09-08 17:33:36.868] [Thread-3] INFO  o.s.w.context.support.GenericWebApplicationContext - Closing org.springframework.web.context.support.GenericWebApplicationContext@5d12a356: startup date [Sat Sep 08 17:33:30 GMT+08:00 2018]; root of context hierarchy
[2018-09-08 17:33:36.880] [Thread-3] INFO  com.alibaba.druid.pool.DruidDataSource - {dataSource-1} closed
[2018-09-08 17:33:36.893] [Thread-3] INFO  o.s.scheduling.concurrent.ThreadPoolTaskExecutor - Shutting down ExecutorService
[2018-09-08 17:43:19.546] [main] INFO  com.lv.zupu.ZupuApplicationTests - Starting ZupuApplicationTests on WIN7U-20170329W with PID 1476 (started by Administrator in D:\resource\workspace\zupu\zupu_family)
[2018-09-08 17:43:19.547] [main] INFO  com.lv.zupu.ZupuApplicationTests - No active profile set, falling back to default profiles: default
[2018-09-08 17:43:19.588] [main] INFO  o.s.w.context.support.GenericWebApplicationContext - Refreshing org.springframework.web.context.support.GenericWebApplicationContext@5d12a356: startup date [Sat Sep 08 17:43:19 GMT+08:00 2018]; root of context hierarchy
[2018-09-08 17:43:20.396] [main] INFO  o.s.d.r.config.RepositoryConfigurationDelegate - Multiple Spring Data modules found, entering strict repository configuration mode!
[2018-09-08 17:43:20.618] [main] DEBUG org.apache.ibatis.logging.LogFactory - Logging initialized using 'class org.apache.ibatis.logging.slf4j.Slf4jImpl' adapter.
[2018-09-08 17:43:20.925] [main] INFO  o.s.c.s.PostProcessorRegistrationDelegate$BeanPostProcessorChecker - Bean 'org.springframework.transaction.annotation.ProxyTransactionManagementConfiguration' of type [org.springframework.transaction.annotation.ProxyTransactionManagementConfiguration$$EnhancerBySpringCGLIB$$4406730] is not eligible for getting processed by all BeanPostProcessors (for example: not eligible for auto-proxying)
[2018-09-08 17:43:21.297] [main] INFO  o.s.scheduling.concurrent.ThreadPoolTaskExecutor - Initializing ExecutorService 
[2018-09-08 17:43:21.637] [main] INFO  c.a.d.s.b.a.DruidDataSourceAutoConfigure - Init DruidDataSource
[2018-09-08 17:43:22.096] [main] INFO  com.alibaba.druid.pool.DruidDataSource - {dataSource-1} inited
[2018-09-08 17:43:22.140] [main] DEBUG org.apache.ibatis.io.VFS - Using VFS adapter com.baomidou.mybatisplus.spring.boot.starter.SpringBootVFS
[2018-09-08 17:43:22.141] [main] DEBUG org.apache.ibatis.io.ResolverUtil - Checking to see if class com.lv.zupu.entity.FamilyVo matches criteria [is assignable to Object]
[2018-09-08 17:43:22.647] [main] INFO  o.s.web.servlet.handler.SimpleUrlHandlerMapping - Mapped URL path [/**/favicon.ico] onto handler of type [class org.springframework.web.servlet.resource.ResourceHttpRequestHandler]
[2018-09-08 17:43:22.894] [main] INFO  o.s.w.s.m.m.a.RequestMappingHandlerAdapter - Looking for @ControllerAdvice: org.springframework.web.context.support.GenericWebApplicationContext@5d12a356: startup date [Sat Sep 08 17:43:19 GMT+08:00 2018]; root of context hierarchy
[2018-09-08 17:43:22.959] [main] INFO  o.s.w.s.m.m.a.RequestMappingHandlerMapping - Mapped "{[/demo/valid]}" onto public java.lang.String com.lv.zupu.controller.DemoController.validDemo(com.lv.zupu.entity.FamilyVo) throws com.fasterxml.jackson.core.JsonProcessingException
[2018-09-08 17:43:22.960] [main] INFO  o.s.w.s.m.m.a.RequestMappingHandlerMapping - Mapped "{[/demo/mylog]}" onto public java.lang.String com.lv.zupu.controller.DemoController.myLogDemo(java.lang.String)
[2018-09-08 17:43:22.960] [main] INFO  o.s.w.s.m.m.a.RequestMappingHandlerMapping - Mapped "{[/demo/thpoll]}" onto public java.lang.String com.lv.zupu.controller.DemoController.threadPollDemo(java.lang.String)
[2018-09-08 17:43:22.960] [main] INFO  o.s.w.s.m.m.a.RequestMappingHandlerMapping - Mapped "{[/demo/requestBodyTest]}" onto public java.lang.String com.lv.zupu.controller.DemoController.requestBodyTest(com.lv.zupu.domain.FamilyBo) throws com.fasterxml.jackson.core.JsonProcessingException
[2018-09-08 17:43:22.962] [main] INFO  o.s.w.s.m.m.a.RequestMappingHandlerMapping - Mapped "{[/error]}" onto public org.springframework.http.ResponseEntity<java.util.Map<java.lang.String, java.lang.Object>> org.springframework.boot.autoconfigure.web.servlet.error.BasicErrorController.error(javax.servlet.http.HttpServletRequest)
[2018-09-08 17:43:22.963] [main] INFO  o.s.w.s.m.m.a.RequestMappingHandlerMapping - Mapped "{[/error],produces=[text/html]}" onto public org.springframework.web.servlet.ModelAndView org.springframework.boot.autoconfigure.web.servlet.error.BasicErrorController.errorHtml(javax.servlet.http.HttpServletRequest,javax.servlet.http.HttpServletResponse)
[2018-09-08 17:43:22.994] [main] INFO  o.s.web.servlet.handler.SimpleUrlHandlerMapping - Mapped URL path [/webjars/**] onto handler of type [class org.springframework.web.servlet.resource.ResourceHttpRequestHandler]
[2018-09-08 17:43:22.994] [main] INFO  o.s.web.servlet.handler.SimpleUrlHandlerMapping - Mapped URL path [/**] onto handler of type [class org.springframework.web.servlet.resource.ResourceHttpRequestHandler]
[2018-09-08 17:43:23.011] [main] INFO  o.s.w.s.m.m.a.ExceptionHandlerExceptionResolver - Detected @ExceptionHandler methods in adviceErrorConfig
[2018-09-08 17:43:23.595] [main] INFO  com.lv.zupu.ZupuApplicationTests - Started ZupuApplicationTests in 4.611 seconds (JVM running for 5.721)
[2018-09-08 17:43:23.852] [main] DEBUG com.lv.zupu.mapperDao.FamilyMapperDao.selectById - ==>  Preparing: SELECT id,familyName,createTime,createUserId,updateTime,coverImgUrl,`describe`,authorName,isDelete FROM zupu_family WHERE id=? AND isDelete=1 
[2018-09-08 17:43:24.078] [main] DEBUG com.lv.zupu.mapperDao.FamilyMapperDao.selectById - ==> Parameters: 1(Integer)
[2018-09-08 17:43:24.107] [main] DEBUG com.lv.zupu.mapperDao.FamilyMapperDao.selectById - <==      Total: 1
[2018-09-08 17:43:24.109] [main] DEBUG com.lv.zupu.mapperDao.FamilyMapperDao.selectById - ==>  Preparing: SELECT id,familyName,createTime,createUserId,updateTime,coverImgUrl,`describe`,authorName,isDelete FROM zupu_family WHERE id=? AND isDelete=1 
[2018-09-08 17:43:24.110] [main] DEBUG com.lv.zupu.mapperDao.FamilyMapperDao.selectById - ==> Parameters: 2(Integer)
[2018-09-08 17:43:24.113] [main] DEBUG com.lv.zupu.mapperDao.FamilyMapperDao.selectById - <==      Total: 1
[2018-09-08 17:43:24.121] [Thread-3] INFO  o.s.w.context.support.GenericWebApplicationContext - Closing org.springframework.web.context.support.GenericWebApplicationContext@5d12a356: startup date [Sat Sep 08 17:43:19 GMT+08:00 2018]; root of context hierarchy
[2018-09-08 17:43:24.131] [Thread-3] INFO  com.alibaba.druid.pool.DruidDataSource - {dataSource-1} closed
[2018-09-08 17:43:24.142] [Thread-3] INFO  o.s.scheduling.concurrent.ThreadPoolTaskExecutor - Shutting down ExecutorService
