[2018-07-07 15:03:44.288] [main] INFO  com.lv.zupu.ZupuApplicationTests - Starting ZupuApplicationTests on WIN7U-20170329W with PID 8548 (started by Administrator in D:\resource\workspace\zupu\zupu_family)
[2018-07-07 15:03:44.299] [main] INFO  com.lv.zupu.ZupuApplicationTests - No active profile set, falling back to default profiles: default
[2018-07-07 15:03:44.338] [main] INFO  o.s.w.context.support.GenericWebApplicationContext - Refreshing org.springframework.web.context.support.GenericWebApplicationContext@60e9df3c: startup date [Sat Jul 07 15:03:44 GMT+08:00 2018]; root of context hierarchy
[2018-07-07 15:03:45.541] [main] INFO  o.s.d.r.config.RepositoryConfigurationDelegate - Multiple Spring Data modules found, entering strict repository configuration mode!
[2018-07-07 15:03:46.257] [main] INFO  o.s.c.s.PostProcessorRegistrationDelegate$BeanPostProcessorChecker - Bean 'org.springframework.transaction.annotation.ProxyTransactionManagementConfiguration' of type [org.springframework.transaction.annotation.ProxyTransactionManagementConfiguration$$EnhancerBySpringCGLIB$$78815508] is not eligible for getting processed by all BeanPostProcessors (for example: not eligible for auto-proxying)
[2018-07-07 15:03:46.551] [main] INFO  c.a.d.s.b.a.DruidDataSourceAutoConfigure - Init DruidDataSource
[2018-07-07 15:03:47.153] [main] INFO  com.alibaba.druid.pool.DruidDataSource - {dataSource-1} inited
[2018-07-07 15:03:47.858] [main] INFO  o.s.web.servlet.handler.SimpleUrlHandlerMapping - Mapped URL path [/**/favicon.ico] onto handler of type [class org.springframework.web.servlet.resource.ResourceHttpRequestHandler]
[2018-07-07 15:03:48.371] [main] INFO  o.s.w.s.m.m.a.RequestMappingHandlerAdapter - Looking for @ControllerAdvice: org.springframework.web.context.support.GenericWebApplicationContext@60e9df3c: startup date [Sat Jul 07 15:03:44 GMT+08:00 2018]; root of context hierarchy
[2018-07-07 15:03:48.488] [main] INFO  o.s.w.s.m.m.a.RequestMappingHandlerMapping - Mapped "{[/error]}" onto public org.springframework.http.ResponseEntity<java.util.Map<java.lang.String, java.lang.Object>> org.springframework.boot.autoconfigure.web.servlet.error.BasicErrorController.error(javax.servlet.http.HttpServletRequest)
[2018-07-07 15:03:48.490] [main] INFO  o.s.w.s.m.m.a.RequestMappingHandlerMapping - Mapped "{[/error],produces=[text/html]}" onto public org.springframework.web.servlet.ModelAndView org.springframework.boot.autoconfigure.web.servlet.error.BasicErrorController.errorHtml(javax.servlet.http.HttpServletRequest,javax.servlet.http.HttpServletResponse)
[2018-07-07 15:03:48.520] [main] INFO  o.s.web.servlet.handler.SimpleUrlHandlerMapping - Mapped URL path [/webjars/**] onto handler of type [class org.springframework.web.servlet.resource.ResourceHttpRequestHandler]
[2018-07-07 15:03:48.521] [main] INFO  o.s.web.servlet.handler.SimpleUrlHandlerMapping - Mapped URL path [/**] onto handler of type [class org.springframework.web.servlet.resource.ResourceHttpRequestHandler]
[2018-07-07 15:03:49.174] [main] INFO  o.s.scheduling.concurrent.ThreadPoolTaskExecutor - Initializing ExecutorService 
[2018-07-07 15:03:49.585] [main] INFO  com.lv.zupu.ZupuApplicationTests - Started ZupuApplicationTests in 5.948 seconds (JVM running for 9.433)
[2018-07-07 15:06:24.279] [Thread-3] INFO  o.s.w.context.support.GenericWebApplicationContext - Closing org.springframework.web.context.support.GenericWebApplicationContext@60e9df3c: startup date [Sat Jul 07 15:03:44 GMT+08:00 2018]; root of context hierarchy
[2018-07-07 15:06:24.310] [Thread-3] INFO  o.s.scheduling.concurrent.ThreadPoolTaskExecutor - Shutting down ExecutorService
[2018-07-07 15:06:24.318] [Thread-3] INFO  com.alibaba.druid.pool.DruidDataSource - {dataSource-1} closed
[2018-07-07 15:07:02.229] [main] INFO  com.lv.zupu.ZupuApplicationTests - Starting ZupuApplicationTests on WIN7U-20170329W with PID 11924 (started by Administrator in D:\resource\workspace\zupu\zupu_family)
[2018-07-07 15:07:02.230] [main] INFO  com.lv.zupu.ZupuApplicationTests - No active profile set, falling back to default profiles: default
[2018-07-07 15:07:02.260] [main] INFO  o.s.w.context.support.GenericWebApplicationContext - Refreshing org.springframework.web.context.support.GenericWebApplicationContext@36a7abe1: startup date [Sat Jul 07 15:07:02 GMT+08:00 2018]; root of context hierarchy
[2018-07-07 15:07:02.884] [main] INFO  o.s.d.r.config.RepositoryConfigurationDelegate - Multiple Spring Data modules found, entering strict repository configuration mode!
[2018-07-07 15:07:03.336] [main] INFO  o.s.c.s.PostProcessorRegistrationDelegate$BeanPostProcessorChecker - Bean 'org.springframework.transaction.annotation.ProxyTransactionManagementConfiguration' of type [org.springframework.transaction.annotation.ProxyTransactionManagementConfiguration$$EnhancerBySpringCGLIB$$70fe81c1] is not eligible for getting processed by all BeanPostProcessors (for example: not eligible for auto-proxying)
[2018-07-07 15:07:03.584] [main] INFO  c.a.d.s.b.a.DruidDataSourceAutoConfigure - Init DruidDataSource
[2018-07-07 15:07:04.014] [main] INFO  com.alibaba.druid.pool.DruidDataSource - {dataSource-1} inited
[2018-07-07 15:07:04.547] [main] INFO  o.s.web.servlet.handler.SimpleUrlHandlerMapping - Mapped URL path [/**/favicon.ico] onto handler of type [class org.springframework.web.servlet.resource.ResourceHttpRequestHandler]
[2018-07-07 15:07:04.870] [main] INFO  o.s.w.s.m.m.a.RequestMappingHandlerAdapter - Looking for @ControllerAdvice: org.springframework.web.context.support.GenericWebApplicationContext@36a7abe1: startup date [Sat Jul 07 15:07:02 GMT+08:00 2018]; root of context hierarchy
[2018-07-07 15:07:04.950] [main] INFO  o.s.w.s.m.m.a.RequestMappingHandlerMapping - Mapped "{[/error]}" onto public org.springframework.http.ResponseEntity<java.util.Map<java.lang.String, java.lang.Object>> org.springframework.boot.autoconfigure.web.servlet.error.BasicErrorController.error(javax.servlet.http.HttpServletRequest)
[2018-07-07 15:07:04.952] [main] INFO  o.s.w.s.m.m.a.RequestMappingHandlerMapping - Mapped "{[/error],produces=[text/html]}" onto public org.springframework.web.servlet.ModelAndView org.springframework.boot.autoconfigure.web.servlet.error.BasicErrorController.errorHtml(javax.servlet.http.HttpServletRequest,javax.servlet.http.HttpServletResponse)
[2018-07-07 15:07:04.985] [main] INFO  o.s.web.servlet.handler.SimpleUrlHandlerMapping - Mapped URL path [/webjars/**] onto handler of type [class org.springframework.web.servlet.resource.ResourceHttpRequestHandler]
[2018-07-07 15:07:04.986] [main] INFO  o.s.web.servlet.handler.SimpleUrlHandlerMapping - Mapped URL path [/**] onto handler of type [class org.springframework.web.servlet.resource.ResourceHttpRequestHandler]
[2018-07-07 15:07:05.427] [main] INFO  o.s.scheduling.concurrent.ThreadPoolTaskExecutor - Initializing ExecutorService 
[2018-07-07 15:07:05.824] [main] INFO  com.lv.zupu.ZupuApplicationTests - Started ZupuApplicationTests in 4.142 seconds (JVM running for 5.41)
[2018-07-07 15:07:26.322] [Thread-3] INFO  o.s.w.context.support.GenericWebApplicationContext - Closing org.springframework.web.context.support.GenericWebApplicationContext@36a7abe1: startup date [Sat Jul 07 15:07:02 GMT+08:00 2018]; root of context hierarchy
[2018-07-07 15:07:26.351] [Thread-3] INFO  o.s.scheduling.concurrent.ThreadPoolTaskExecutor - Shutting down ExecutorService
[2018-07-07 15:07:26.365] [Thread-3] INFO  com.alibaba.druid.pool.DruidDataSource - {dataSource-1} closed
