[2018-07-02 17:02:07.774] [main] INFO  com.lv.zupu.ZupuApplicationTests - Starting ZupuApplicationTests on WIN7U-20170329W with PID 10928 (started by Administrator in D:\resource\workspace\zupu\zupu_family)
[2018-07-02 17:02:07.786] [main] INFO  com.lv.zupu.ZupuApplicationTests - No active profile set, falling back to default profiles: default
[2018-07-02 17:02:07.831] [main] INFO  o.s.w.context.support.GenericWebApplicationContext - Refreshing org.springframework.web.context.support.GenericWebApplicationContext@3da30852: startup date [Mon Jul 02 17:02:07 GMT+08:00 2018]; root of context hierarchy
[2018-07-02 17:02:08.544] [main] INFO  o.s.d.r.config.RepositoryConfigurationDelegate - Multiple Spring Data modules found, entering strict repository configuration mode!
[2018-07-02 17:02:08.942] [main] INFO  o.s.c.s.PostProcessorRegistrationDelegate$BeanPostProcessorChecker - Bean 'org.springframework.transaction.annotation.ProxyTransactionManagementConfiguration' of type [org.springframework.transaction.annotation.ProxyTransactionManagementConfiguration$$EnhancerBySpringCGLIB$$3d0aced] is not eligible for getting processed by all BeanPostProcessors (for example: not eligible for auto-proxying)
[2018-07-02 17:02:09.155] [main] INFO  c.a.d.s.b.a.DruidDataSourceAutoConfigure - Init DruidDataSource
[2018-07-02 17:02:09.550] [main] INFO  com.alibaba.druid.pool.DruidDataSource - {dataSource-1} inited
[2018-07-02 17:02:10.000] [main] INFO  o.s.web.servlet.handler.SimpleUrlHandlerMapping - Mapped URL path [/**/favicon.ico] onto handler of type [class org.springframework.web.servlet.resource.ResourceHttpRequestHandler]
[2018-07-02 17:02:10.288] [main] INFO  o.s.w.s.m.m.a.RequestMappingHandlerAdapter - Looking for @ControllerAdvice: org.springframework.web.context.support.GenericWebApplicationContext@3da30852: startup date [Mon Jul 02 17:02:07 GMT+08:00 2018]; root of context hierarchy
[2018-07-02 17:02:10.360] [main] INFO  o.s.w.s.m.m.a.RequestMappingHandlerMapping - Mapped "{[/error]}" onto public org.springframework.http.ResponseEntity<java.util.Map<java.lang.String, java.lang.Object>> org.springframework.boot.autoconfigure.web.servlet.error.BasicErrorController.error(javax.servlet.http.HttpServletRequest)
[2018-07-02 17:02:10.362] [main] INFO  o.s.w.s.m.m.a.RequestMappingHandlerMapping - Mapped "{[/error],produces=[text/html]}" onto public org.springframework.web.servlet.ModelAndView org.springframework.boot.autoconfigure.web.servlet.error.BasicErrorController.errorHtml(javax.servlet.http.HttpServletRequest,javax.servlet.http.HttpServletResponse)
[2018-07-02 17:02:10.413] [main] INFO  o.s.web.servlet.handler.SimpleUrlHandlerMapping - Mapped URL path [/webjars/**] onto handler of type [class org.springframework.web.servlet.resource.ResourceHttpRequestHandler]
[2018-07-02 17:02:10.413] [main] INFO  o.s.web.servlet.handler.SimpleUrlHandlerMapping - Mapped URL path [/**] onto handler of type [class org.springframework.web.servlet.resource.ResourceHttpRequestHandler]
[2018-07-02 17:02:10.777] [main] INFO  o.s.scheduling.concurrent.ThreadPoolTaskExecutor - Initializing ExecutorService 
[2018-07-02 17:02:11.096] [main] INFO  com.lv.zupu.ZupuApplicationTests - Started ZupuApplicationTests in 3.949 seconds (JVM running for 4.91)
[2018-07-02 17:02:11.342] [Thread-3] INFO  o.s.w.context.support.GenericWebApplicationContext - Closing org.springframework.web.context.support.GenericWebApplicationContext@3da30852: startup date [Mon Jul 02 17:02:07 GMT+08:00 2018]; root of context hierarchy
[2018-07-02 17:02:11.358] [Thread-3] INFO  o.s.scheduling.concurrent.ThreadPoolTaskExecutor - Shutting down ExecutorService
[2018-07-02 17:02:11.369] [Thread-3] INFO  com.alibaba.druid.pool.DruidDataSource - {dataSource-1} closed
[2018-07-02 17:07:52.572] [main] INFO  com.lv.zupu.ZupuApplicationTests - Starting ZupuApplicationTests on WIN7U-20170329W with PID 13560 (started by Administrator in D:\resource\workspace\zupu\zupu_family)
[2018-07-02 17:07:52.593] [main] INFO  com.lv.zupu.ZupuApplicationTests - No active profile set, falling back to default profiles: default
[2018-07-02 17:07:52.668] [main] INFO  o.s.w.context.support.GenericWebApplicationContext - Refreshing org.springframework.web.context.support.GenericWebApplicationContext@3da30852: startup date [Mon Jul 02 17:07:52 GMT+08:00 2018]; root of context hierarchy
[2018-07-02 17:07:53.815] [main] INFO  o.s.d.r.config.RepositoryConfigurationDelegate - Multiple Spring Data modules found, entering strict repository configuration mode!
[2018-07-02 17:07:54.301] [main] INFO  o.s.c.s.PostProcessorRegistrationDelegate$BeanPostProcessorChecker - Bean 'org.springframework.transaction.annotation.ProxyTransactionManagementConfiguration' of type [org.springframework.transaction.annotation.ProxyTransactionManagementConfiguration$$EnhancerBySpringCGLIB$$7f1777de] is not eligible for getting processed by all BeanPostProcessors (for example: not eligible for auto-proxying)
[2018-07-02 17:07:54.630] [main] INFO  c.a.d.s.b.a.DruidDataSourceAutoConfigure - Init DruidDataSource
[2018-07-02 17:07:55.246] [main] INFO  com.alibaba.druid.pool.DruidDataSource - {dataSource-1} inited
[2018-07-02 17:07:55.883] [main] INFO  o.s.web.servlet.handler.SimpleUrlHandlerMapping - Mapped URL path [/**/favicon.ico] onto handler of type [class org.springframework.web.servlet.resource.ResourceHttpRequestHandler]
[2018-07-02 17:07:56.213] [main] INFO  o.s.w.s.m.m.a.RequestMappingHandlerAdapter - Looking for @ControllerAdvice: org.springframework.web.context.support.GenericWebApplicationContext@3da30852: startup date [Mon Jul 02 17:07:52 GMT+08:00 2018]; root of context hierarchy
[2018-07-02 17:07:56.283] [main] INFO  o.s.w.s.m.m.a.RequestMappingHandlerMapping - Mapped "{[/error]}" onto public org.springframework.http.ResponseEntity<java.util.Map<java.lang.String, java.lang.Object>> org.springframework.boot.autoconfigure.web.servlet.error.BasicErrorController.error(javax.servlet.http.HttpServletRequest)
[2018-07-02 17:07:56.285] [main] INFO  o.s.w.s.m.m.a.RequestMappingHandlerMapping - Mapped "{[/error],produces=[text/html]}" onto public org.springframework.web.servlet.ModelAndView org.springframework.boot.autoconfigure.web.servlet.error.BasicErrorController.errorHtml(javax.servlet.http.HttpServletRequest,javax.servlet.http.HttpServletResponse)
[2018-07-02 17:07:56.313] [main] INFO  o.s.web.servlet.handler.SimpleUrlHandlerMapping - Mapped URL path [/webjars/**] onto handler of type [class org.springframework.web.servlet.resource.ResourceHttpRequestHandler]
[2018-07-02 17:07:56.313] [main] INFO  o.s.web.servlet.handler.SimpleUrlHandlerMapping - Mapped URL path [/**] onto handler of type [class org.springframework.web.servlet.resource.ResourceHttpRequestHandler]
[2018-07-02 17:07:56.932] [main] INFO  o.s.scheduling.concurrent.ThreadPoolTaskExecutor - Initializing ExecutorService 
[2018-07-02 17:07:57.242] [main] INFO  com.lv.zupu.ZupuApplicationTests - Started ZupuApplicationTests in 5.569 seconds (JVM running for 7.22)
[2018-07-02 17:07:57.833] [Thread-3] INFO  o.s.w.context.support.GenericWebApplicationContext - Closing org.springframework.web.context.support.GenericWebApplicationContext@3da30852: startup date [Mon Jul 02 17:07:52 GMT+08:00 2018]; root of context hierarchy
[2018-07-02 17:07:57.864] [Thread-3] INFO  o.s.scheduling.concurrent.ThreadPoolTaskExecutor - Shutting down ExecutorService
[2018-07-02 17:07:57.876] [Thread-3] INFO  com.alibaba.druid.pool.DruidDataSource - {dataSource-1} closed
[2018-07-02 17:09:21.442] [main] INFO  com.lv.zupu.ZupuApplicationTests - Starting ZupuApplicationTests on WIN7U-20170329W with PID 12468 (started by Administrator in D:\resource\workspace\zupu\zupu_family)
[2018-07-02 17:09:21.443] [main] INFO  com.lv.zupu.ZupuApplicationTests - No active profile set, falling back to default profiles: default
[2018-07-02 17:09:21.481] [main] INFO  o.s.w.context.support.GenericWebApplicationContext - Refreshing org.springframework.web.context.support.GenericWebApplicationContext@3da30852: startup date [Mon Jul 02 17:09:21 GMT+08:00 2018]; root of context hierarchy
[2018-07-02 17:09:22.221] [main] INFO  o.s.d.r.config.RepositoryConfigurationDelegate - Multiple Spring Data modules found, entering strict repository configuration mode!
[2018-07-02 17:09:22.628] [main] INFO  o.s.c.s.PostProcessorRegistrationDelegate$BeanPostProcessorChecker - Bean 'org.springframework.transaction.annotation.ProxyTransactionManagementConfiguration' of type [org.springframework.transaction.annotation.ProxyTransactionManagementConfiguration$$EnhancerBySpringCGLIB$$67d5274b] is not eligible for getting processed by all BeanPostProcessors (for example: not eligible for auto-proxying)
[2018-07-02 17:09:22.832] [main] INFO  c.a.d.s.b.a.DruidDataSourceAutoConfigure - Init DruidDataSource
[2018-07-02 17:09:23.219] [main] INFO  com.alibaba.druid.pool.DruidDataSource - {dataSource-1} inited
[2018-07-02 17:09:23.801] [main] INFO  o.s.web.servlet.handler.SimpleUrlHandlerMapping - Mapped URL path [/**/favicon.ico] onto handler of type [class org.springframework.web.servlet.resource.ResourceHttpRequestHandler]
[2018-07-02 17:09:24.079] [main] INFO  o.s.w.s.m.m.a.RequestMappingHandlerAdapter - Looking for @ControllerAdvice: org.springframework.web.context.support.GenericWebApplicationContext@3da30852: startup date [Mon Jul 02 17:09:21 GMT+08:00 2018]; root of context hierarchy
[2018-07-02 17:09:24.160] [main] INFO  o.s.w.s.m.m.a.RequestMappingHandlerMapping - Mapped "{[/error]}" onto public org.springframework.http.ResponseEntity<java.util.Map<java.lang.String, java.lang.Object>> org.springframework.boot.autoconfigure.web.servlet.error.BasicErrorController.error(javax.servlet.http.HttpServletRequest)
[2018-07-02 17:09:24.161] [main] INFO  o.s.w.s.m.m.a.RequestMappingHandlerMapping - Mapped "{[/error],produces=[text/html]}" onto public org.springframework.web.servlet.ModelAndView org.springframework.boot.autoconfigure.web.servlet.error.BasicErrorController.errorHtml(javax.servlet.http.HttpServletRequest,javax.servlet.http.HttpServletResponse)
[2018-07-02 17:09:24.185] [main] INFO  o.s.web.servlet.handler.SimpleUrlHandlerMapping - Mapped URL path [/webjars/**] onto handler of type [class org.springframework.web.servlet.resource.ResourceHttpRequestHandler]
[2018-07-02 17:09:24.186] [main] INFO  o.s.web.servlet.handler.SimpleUrlHandlerMapping - Mapped URL path [/**] onto handler of type [class org.springframework.web.servlet.resource.ResourceHttpRequestHandler]
[2018-07-02 17:09:24.544] [main] INFO  o.s.scheduling.concurrent.ThreadPoolTaskExecutor - Initializing ExecutorService 
[2018-07-02 17:09:24.873] [main] INFO  com.lv.zupu.ZupuApplicationTests - Started ZupuApplicationTests in 3.995 seconds (JVM running for 4.952)
[2018-07-02 17:09:25.133] [Thread-3] INFO  o.s.w.context.support.GenericWebApplicationContext - Closing org.springframework.web.context.support.GenericWebApplicationContext@3da30852: startup date [Mon Jul 02 17:09:21 GMT+08:00 2018]; root of context hierarchy
[2018-07-02 17:09:25.145] [Thread-3] INFO  o.s.scheduling.concurrent.ThreadPoolTaskExecutor - Shutting down ExecutorService
[2018-07-02 17:09:25.156] [Thread-3] INFO  com.alibaba.druid.pool.DruidDataSource - {dataSource-1} closed
[2018-07-02 17:15:56.156] [main] INFO  com.lv.zupu.ZupuApplicationTests - Starting ZupuApplicationTests on WIN7U-20170329W with PID 9968 (started by Administrator in D:\resource\workspace\zupu\zupu_family)
[2018-07-02 17:15:56.172] [main] INFO  com.lv.zupu.ZupuApplicationTests - No active profile set, falling back to default profiles: default
[2018-07-02 17:15:56.277] [main] INFO  o.s.w.context.support.GenericWebApplicationContext - Refreshing org.springframework.web.context.support.GenericWebApplicationContext@3da30852: startup date [Mon Jul 02 17:15:56 GMT+08:00 2018]; root of context hierarchy
[2018-07-02 17:15:57.479] [main] INFO  o.s.d.r.config.RepositoryConfigurationDelegate - Multiple Spring Data modules found, entering strict repository configuration mode!
[2018-07-02 17:15:57.930] [main] INFO  o.s.c.s.PostProcessorRegistrationDelegate$BeanPostProcessorChecker - Bean 'org.springframework.transaction.annotation.ProxyTransactionManagementConfiguration' of type [org.springframework.transaction.annotation.ProxyTransactionManagementConfiguration$$EnhancerBySpringCGLIB$$f86f5116] is not eligible for getting processed by all BeanPostProcessors (for example: not eligible for auto-proxying)
[2018-07-02 17:15:58.306] [main] INFO  c.a.d.s.b.a.DruidDataSourceAutoConfigure - Init DruidDataSource
[2018-07-02 17:15:58.986] [main] INFO  com.alibaba.druid.pool.DruidDataSource - {dataSource-1} inited
[2018-07-02 17:15:59.695] [main] INFO  o.s.web.servlet.handler.SimpleUrlHandlerMapping - Mapped URL path [/**/favicon.ico] onto handler of type [class org.springframework.web.servlet.resource.ResourceHttpRequestHandler]
[2018-07-02 17:16:00.029] [main] INFO  o.s.w.s.m.m.a.RequestMappingHandlerAdapter - Looking for @ControllerAdvice: org.springframework.web.context.support.GenericWebApplicationContext@3da30852: startup date [Mon Jul 02 17:15:56 GMT+08:00 2018]; root of context hierarchy
[2018-07-02 17:16:00.100] [main] INFO  o.s.w.s.m.m.a.RequestMappingHandlerMapping - Mapped "{[/error]}" onto public org.springframework.http.ResponseEntity<java.util.Map<java.lang.String, java.lang.Object>> org.springframework.boot.autoconfigure.web.servlet.error.BasicErrorController.error(javax.servlet.http.HttpServletRequest)
[2018-07-02 17:16:00.101] [main] INFO  o.s.w.s.m.m.a.RequestMappingHandlerMapping - Mapped "{[/error],produces=[text/html]}" onto public org.springframework.web.servlet.ModelAndView org.springframework.boot.autoconfigure.web.servlet.error.BasicErrorController.errorHtml(javax.servlet.http.HttpServletRequest,javax.servlet.http.HttpServletResponse)
[2018-07-02 17:16:00.126] [main] INFO  o.s.web.servlet.handler.SimpleUrlHandlerMapping - Mapped URL path [/webjars/**] onto handler of type [class org.springframework.web.servlet.resource.ResourceHttpRequestHandler]
[2018-07-02 17:16:00.127] [main] INFO  o.s.web.servlet.handler.SimpleUrlHandlerMapping - Mapped URL path [/**] onto handler of type [class org.springframework.web.servlet.resource.ResourceHttpRequestHandler]
[2018-07-02 17:16:00.851] [main] INFO  o.s.scheduling.concurrent.ThreadPoolTaskExecutor - Initializing ExecutorService 
[2018-07-02 17:16:01.197] [main] INFO  com.lv.zupu.ZupuApplicationTests - Started ZupuApplicationTests in 5.974 seconds (JVM running for 7.862)
[2018-07-02 17:16:01.790] [Thread-3] INFO  o.s.w.context.support.GenericWebApplicationContext - Closing org.springframework.web.context.support.GenericWebApplicationContext@3da30852: startup date [Mon Jul 02 17:15:56 GMT+08:00 2018]; root of context hierarchy
[2018-07-02 17:16:01.828] [Thread-3] INFO  o.s.scheduling.concurrent.ThreadPoolTaskExecutor - Shutting down ExecutorService
[2018-07-02 17:16:01.836] [Thread-3] INFO  com.alibaba.druid.pool.DruidDataSource - {dataSource-1} closed
[2018-07-02 17:16:30.806] [main] INFO  com.lv.zupu.ZupuApplicationTests - Starting ZupuApplicationTests on WIN7U-20170329W with PID 13100 (started by Administrator in D:\resource\workspace\zupu\zupu_family)
[2018-07-02 17:16:30.808] [main] INFO  com.lv.zupu.ZupuApplicationTests - No active profile set, falling back to default profiles: default
[2018-07-02 17:16:30.847] [main] INFO  o.s.w.context.support.GenericWebApplicationContext - Refreshing org.springframework.web.context.support.GenericWebApplicationContext@3da30852: startup date [Mon Jul 02 17:16:30 GMT+08:00 2018]; root of context hierarchy
[2018-07-02 17:16:31.504] [main] INFO  o.s.d.r.config.RepositoryConfigurationDelegate - Multiple Spring Data modules found, entering strict repository configuration mode!
[2018-07-02 17:16:31.887] [main] INFO  o.s.c.s.PostProcessorRegistrationDelegate$BeanPostProcessorChecker - Bean 'org.springframework.transaction.annotation.ProxyTransactionManagementConfiguration' of type [org.springframework.transaction.annotation.ProxyTransactionManagementConfiguration$$EnhancerBySpringCGLIB$$d55a32b9] is not eligible for getting processed by all BeanPostProcessors (for example: not eligible for auto-proxying)
[2018-07-02 17:16:32.112] [main] INFO  c.a.d.s.b.a.DruidDataSourceAutoConfigure - Init DruidDataSource
[2018-07-02 17:16:32.505] [main] INFO  com.alibaba.druid.pool.DruidDataSource - {dataSource-1} inited
[2018-07-02 17:16:32.954] [main] INFO  o.s.web.servlet.handler.SimpleUrlHandlerMapping - Mapped URL path [/**/favicon.ico] onto handler of type [class org.springframework.web.servlet.resource.ResourceHttpRequestHandler]
[2018-07-02 17:16:33.231] [main] INFO  o.s.w.s.m.m.a.RequestMappingHandlerAdapter - Looking for @ControllerAdvice: org.springframework.web.context.support.GenericWebApplicationContext@3da30852: startup date [Mon Jul 02 17:16:30 GMT+08:00 2018]; root of context hierarchy
[2018-07-02 17:16:33.294] [main] INFO  o.s.w.s.m.m.a.RequestMappingHandlerMapping - Mapped "{[/error]}" onto public org.springframework.http.ResponseEntity<java.util.Map<java.lang.String, java.lang.Object>> org.springframework.boot.autoconfigure.web.servlet.error.BasicErrorController.error(javax.servlet.http.HttpServletRequest)
[2018-07-02 17:16:33.295] [main] INFO  o.s.w.s.m.m.a.RequestMappingHandlerMapping - Mapped "{[/error],produces=[text/html]}" onto public org.springframework.web.servlet.ModelAndView org.springframework.boot.autoconfigure.web.servlet.error.BasicErrorController.errorHtml(javax.servlet.http.HttpServletRequest,javax.servlet.http.HttpServletResponse)
[2018-07-02 17:16:33.320] [main] INFO  o.s.web.servlet.handler.SimpleUrlHandlerMapping - Mapped URL path [/webjars/**] onto handler of type [class org.springframework.web.servlet.resource.ResourceHttpRequestHandler]
[2018-07-02 17:16:33.321] [main] INFO  o.s.web.servlet.handler.SimpleUrlHandlerMapping - Mapped URL path [/**] onto handler of type [class org.springframework.web.servlet.resource.ResourceHttpRequestHandler]
[2018-07-02 17:16:33.661] [main] INFO  o.s.scheduling.concurrent.ThreadPoolTaskExecutor - Initializing ExecutorService 
[2018-07-02 17:16:34.022] [main] INFO  com.lv.zupu.ZupuApplicationTests - Started ZupuApplicationTests in 3.839 seconds (JVM running for 4.786)
[2018-07-02 17:16:34.401] [Thread-3] INFO  o.s.w.context.support.GenericWebApplicationContext - Closing org.springframework.web.context.support.GenericWebApplicationContext@3da30852: startup date [Mon Jul 02 17:16:30 GMT+08:00 2018]; root of context hierarchy
[2018-07-02 17:16:34.410] [Thread-3] INFO  o.s.scheduling.concurrent.ThreadPoolTaskExecutor - Shutting down ExecutorService
[2018-07-02 17:16:34.417] [Thread-3] INFO  com.alibaba.druid.pool.DruidDataSource - {dataSource-1} closed
[2018-07-02 17:17:22.154] [main] INFO  com.lv.zupu.ZupuApplicationTests - Starting ZupuApplicationTests on WIN7U-20170329W with PID 1532 (started by Administrator in D:\resource\workspace\zupu\zupu_family)
[2018-07-02 17:17:22.155] [main] INFO  com.lv.zupu.ZupuApplicationTests - No active profile set, falling back to default profiles: default
[2018-07-02 17:17:22.195] [main] INFO  o.s.w.context.support.GenericWebApplicationContext - Refreshing org.springframework.web.context.support.GenericWebApplicationContext@3da30852: startup date [Mon Jul 02 17:17:22 GMT+08:00 2018]; root of context hierarchy
[2018-07-02 17:17:23.008] [main] INFO  o.s.d.r.config.RepositoryConfigurationDelegate - Multiple Spring Data modules found, entering strict repository configuration mode!
[2018-07-02 17:17:23.352] [main] INFO  o.s.c.s.PostProcessorRegistrationDelegate$BeanPostProcessorChecker - Bean 'org.springframework.transaction.annotation.ProxyTransactionManagementConfiguration' of type [org.springframework.transaction.annotation.ProxyTransactionManagementConfiguration$$EnhancerBySpringCGLIB$$d55a32b9] is not eligible for getting processed by all BeanPostProcessors (for example: not eligible for auto-proxying)
[2018-07-02 17:17:23.580] [main] INFO  c.a.d.s.b.a.DruidDataSourceAutoConfigure - Init DruidDataSource
[2018-07-02 17:17:24.028] [main] INFO  com.alibaba.druid.pool.DruidDataSource - {dataSource-1} inited
[2018-07-02 17:17:24.521] [main] INFO  o.s.web.servlet.handler.SimpleUrlHandlerMapping - Mapped URL path [/**/favicon.ico] onto handler of type [class org.springframework.web.servlet.resource.ResourceHttpRequestHandler]
[2018-07-02 17:17:24.825] [main] INFO  o.s.w.s.m.m.a.RequestMappingHandlerAdapter - Looking for @ControllerAdvice: org.springframework.web.context.support.GenericWebApplicationContext@3da30852: startup date [Mon Jul 02 17:17:22 GMT+08:00 2018]; root of context hierarchy
[2018-07-02 17:17:24.899] [main] INFO  o.s.w.s.m.m.a.RequestMappingHandlerMapping - Mapped "{[/error]}" onto public org.springframework.http.ResponseEntity<java.util.Map<java.lang.String, java.lang.Object>> org.springframework.boot.autoconfigure.web.servlet.error.BasicErrorController.error(javax.servlet.http.HttpServletRequest)
[2018-07-02 17:17:24.900] [main] INFO  o.s.w.s.m.m.a.RequestMappingHandlerMapping - Mapped "{[/error],produces=[text/html]}" onto public org.springframework.web.servlet.ModelAndView org.springframework.boot.autoconfigure.web.servlet.error.BasicErrorController.errorHtml(javax.servlet.http.HttpServletRequest,javax.servlet.http.HttpServletResponse)
[2018-07-02 17:17:24.923] [main] INFO  o.s.web.servlet.handler.SimpleUrlHandlerMapping - Mapped URL path [/webjars/**] onto handler of type [class org.springframework.web.servlet.resource.ResourceHttpRequestHandler]
[2018-07-02 17:17:24.924] [main] INFO  o.s.web.servlet.handler.SimpleUrlHandlerMapping - Mapped URL path [/**] onto handler of type [class org.springframework.web.servlet.resource.ResourceHttpRequestHandler]
[2018-07-02 17:17:25.312] [main] INFO  o.s.scheduling.concurrent.ThreadPoolTaskExecutor - Initializing ExecutorService 
[2018-07-02 17:17:25.704] [main] INFO  com.lv.zupu.ZupuApplicationTests - Started ZupuApplicationTests in 4.246 seconds (JVM running for 5.422)
[2018-07-02 17:17:26.020] [Thread-3] INFO  o.s.w.context.support.GenericWebApplicationContext - Closing org.springframework.web.context.support.GenericWebApplicationContext@3da30852: startup date [Mon Jul 02 17:17:22 GMT+08:00 2018]; root of context hierarchy
[2018-07-02 17:17:26.030] [Thread-3] INFO  o.s.scheduling.concurrent.ThreadPoolTaskExecutor - Shutting down ExecutorService
[2018-07-02 17:17:26.038] [Thread-3] INFO  com.alibaba.druid.pool.DruidDataSource - {dataSource-1} closed
[2018-07-02 17:18:44.810] [main] INFO  com.lv.zupu.ZupuApplicationTests - Starting ZupuApplicationTests on WIN7U-20170329W with PID 9740 (started by Administrator in D:\resource\workspace\zupu\zupu_family)
[2018-07-02 17:18:44.811] [main] INFO  com.lv.zupu.ZupuApplicationTests - No active profile set, falling back to default profiles: default
[2018-07-02 17:18:44.844] [main] INFO  o.s.w.context.support.GenericWebApplicationContext - Refreshing org.springframework.web.context.support.GenericWebApplicationContext@3da30852: startup date [Mon Jul 02 17:18:44 GMT+08:00 2018]; root of context hierarchy
[2018-07-02 17:18:45.442] [main] INFO  o.s.d.r.config.RepositoryConfigurationDelegate - Multiple Spring Data modules found, entering strict repository configuration mode!
[2018-07-02 17:18:45.804] [main] INFO  o.s.c.s.PostProcessorRegistrationDelegate$BeanPostProcessorChecker - Bean 'org.springframework.transaction.annotation.ProxyTransactionManagementConfiguration' of type [org.springframework.transaction.annotation.ProxyTransactionManagementConfiguration$$EnhancerBySpringCGLIB$$bd9cfd89] is not eligible for getting processed by all BeanPostProcessors (for example: not eligible for auto-proxying)
[2018-07-02 17:18:46.032] [main] INFO  c.a.d.s.b.a.DruidDataSourceAutoConfigure - Init DruidDataSource
[2018-07-02 17:18:46.394] [main] INFO  com.alibaba.druid.pool.DruidDataSource - {dataSource-1} inited
[2018-07-02 17:18:46.867] [main] INFO  o.s.web.servlet.handler.SimpleUrlHandlerMapping - Mapped URL path [/**/favicon.ico] onto handler of type [class org.springframework.web.servlet.resource.ResourceHttpRequestHandler]
[2018-07-02 17:18:47.135] [main] INFO  o.s.w.s.m.m.a.RequestMappingHandlerAdapter - Looking for @ControllerAdvice: org.springframework.web.context.support.GenericWebApplicationContext@3da30852: startup date [Mon Jul 02 17:18:44 GMT+08:00 2018]; root of context hierarchy
[2018-07-02 17:18:47.196] [main] INFO  o.s.w.s.m.m.a.RequestMappingHandlerMapping - Mapped "{[/error]}" onto public org.springframework.http.ResponseEntity<java.util.Map<java.lang.String, java.lang.Object>> org.springframework.boot.autoconfigure.web.servlet.error.BasicErrorController.error(javax.servlet.http.HttpServletRequest)
[2018-07-02 17:18:47.197] [main] INFO  o.s.w.s.m.m.a.RequestMappingHandlerMapping - Mapped "{[/error],produces=[text/html]}" onto public org.springframework.web.servlet.ModelAndView org.springframework.boot.autoconfigure.web.servlet.error.BasicErrorController.errorHtml(javax.servlet.http.HttpServletRequest,javax.servlet.http.HttpServletResponse)
[2018-07-02 17:18:47.218] [main] INFO  o.s.web.servlet.handler.SimpleUrlHandlerMapping - Mapped URL path [/webjars/**] onto handler of type [class org.springframework.web.servlet.resource.ResourceHttpRequestHandler]
[2018-07-02 17:18:47.218] [main] INFO  o.s.web.servlet.handler.SimpleUrlHandlerMapping - Mapped URL path [/**] onto handler of type [class org.springframework.web.servlet.resource.ResourceHttpRequestHandler]
[2018-07-02 17:18:47.582] [main] INFO  o.s.scheduling.concurrent.ThreadPoolTaskExecutor - Initializing ExecutorService 
[2018-07-02 17:18:47.956] [main] INFO  com.lv.zupu.ZupuApplicationTests - Started ZupuApplicationTests in 3.652 seconds (JVM running for 4.728)
[2018-07-02 17:18:48.194] [Thread-3] INFO  o.s.w.context.support.GenericWebApplicationContext - Closing org.springframework.web.context.support.GenericWebApplicationContext@3da30852: startup date [Mon Jul 02 17:18:44 GMT+08:00 2018]; root of context hierarchy
[2018-07-02 17:18:48.205] [Thread-3] INFO  o.s.scheduling.concurrent.ThreadPoolTaskExecutor - Shutting down ExecutorService
[2018-07-02 17:18:48.210] [Thread-3] INFO  com.alibaba.druid.pool.DruidDataSource - {dataSource-1} closed
[2018-07-02 17:19:17.790] [main] INFO  com.lv.zupu.ZupuApplicationTests - Starting ZupuApplicationTests on WIN7U-20170329W with PID 10656 (started by Administrator in D:\resource\workspace\zupu\zupu_family)
[2018-07-02 17:19:17.790] [main] INFO  com.lv.zupu.ZupuApplicationTests - No active profile set, falling back to default profiles: default
[2018-07-02 17:19:17.822] [main] INFO  o.s.w.context.support.GenericWebApplicationContext - Refreshing org.springframework.web.context.support.GenericWebApplicationContext@3da30852: startup date [Mon Jul 02 17:19:17 GMT+08:00 2018]; root of context hierarchy
[2018-07-02 17:19:18.356] [main] INFO  o.s.d.r.config.RepositoryConfigurationDelegate - Multiple Spring Data modules found, entering strict repository configuration mode!
[2018-07-02 17:19:18.748] [main] INFO  o.s.c.s.PostProcessorRegistrationDelegate$BeanPostProcessorChecker - Bean 'org.springframework.transaction.annotation.ProxyTransactionManagementConfiguration' of type [org.springframework.transaction.annotation.ProxyTransactionManagementConfiguration$$EnhancerBySpringCGLIB$$67231b89] is not eligible for getting processed by all BeanPostProcessors (for example: not eligible for auto-proxying)
[2018-07-02 17:19:18.957] [main] INFO  c.a.d.s.b.a.DruidDataSourceAutoConfigure - Init DruidDataSource
[2018-07-02 17:19:19.346] [main] INFO  com.alibaba.druid.pool.DruidDataSource - {dataSource-1} inited
[2018-07-02 17:19:19.811] [main] INFO  o.s.web.servlet.handler.SimpleUrlHandlerMapping - Mapped URL path [/**/favicon.ico] onto handler of type [class org.springframework.web.servlet.resource.ResourceHttpRequestHandler]
[2018-07-02 17:19:20.087] [main] INFO  o.s.w.s.m.m.a.RequestMappingHandlerAdapter - Looking for @ControllerAdvice: org.springframework.web.context.support.GenericWebApplicationContext@3da30852: startup date [Mon Jul 02 17:19:17 GMT+08:00 2018]; root of context hierarchy
[2018-07-02 17:19:20.151] [main] INFO  o.s.w.s.m.m.a.RequestMappingHandlerMapping - Mapped "{[/error]}" onto public org.springframework.http.ResponseEntity<java.util.Map<java.lang.String, java.lang.Object>> org.springframework.boot.autoconfigure.web.servlet.error.BasicErrorController.error(javax.servlet.http.HttpServletRequest)
[2018-07-02 17:19:20.152] [main] INFO  o.s.w.s.m.m.a.RequestMappingHandlerMapping - Mapped "{[/error],produces=[text/html]}" onto public org.springframework.web.servlet.ModelAndView org.springframework.boot.autoconfigure.web.servlet.error.BasicErrorController.errorHtml(javax.servlet.http.HttpServletRequest,javax.servlet.http.HttpServletResponse)
[2018-07-02 17:19:20.177] [main] INFO  o.s.web.servlet.handler.SimpleUrlHandlerMapping - Mapped URL path [/webjars/**] onto handler of type [class org.springframework.web.servlet.resource.ResourceHttpRequestHandler]
[2018-07-02 17:19:20.177] [main] INFO  o.s.web.servlet.handler.SimpleUrlHandlerMapping - Mapped URL path [/**] onto handler of type [class org.springframework.web.servlet.resource.ResourceHttpRequestHandler]
[2018-07-02 17:19:20.514] [main] INFO  o.s.scheduling.concurrent.ThreadPoolTaskExecutor - Initializing ExecutorService 
[2018-07-02 17:19:20.840] [main] INFO  com.lv.zupu.ZupuApplicationTests - Started ZupuApplicationTests in 3.65 seconds (JVM running for 4.656)
[2018-07-02 17:19:21.065] [Thread-3] INFO  o.s.w.context.support.GenericWebApplicationContext - Closing org.springframework.web.context.support.GenericWebApplicationContext@3da30852: startup date [Mon Jul 02 17:19:17 GMT+08:00 2018]; root of context hierarchy
[2018-07-02 17:19:21.075] [Thread-3] INFO  o.s.scheduling.concurrent.ThreadPoolTaskExecutor - Shutting down ExecutorService
[2018-07-02 17:19:21.082] [Thread-3] INFO  com.alibaba.druid.pool.DruidDataSource - {dataSource-1} closed
[2018-07-02 17:19:53.088] [main] INFO  com.lv.zupu.ZupuApplicationTests - Starting ZupuApplicationTests on WIN7U-20170329W with PID 4904 (started by Administrator in D:\resource\workspace\zupu\zupu_family)
[2018-07-02 17:19:53.089] [main] INFO  com.lv.zupu.ZupuApplicationTests - No active profile set, falling back to default profiles: default
[2018-07-02 17:19:53.123] [main] INFO  o.s.w.context.support.GenericWebApplicationContext - Refreshing org.springframework.web.context.support.GenericWebApplicationContext@3da30852: startup date [Mon Jul 02 17:19:53 GMT+08:00 2018]; root of context hierarchy
[2018-07-02 17:19:53.883] [main] INFO  o.s.d.r.config.RepositoryConfigurationDelegate - Multiple Spring Data modules found, entering strict repository configuration mode!
[2018-07-02 17:19:54.504] [main] INFO  o.s.c.s.PostProcessorRegistrationDelegate$BeanPostProcessorChecker - Bean 'org.springframework.transaction.annotation.ProxyTransactionManagementConfiguration' of type [org.springframework.transaction.annotation.ProxyTransactionManagementConfiguration$$EnhancerBySpringCGLIB$$a0960b02] is not eligible for getting processed by all BeanPostProcessors (for example: not eligible for auto-proxying)
[2018-07-02 17:19:54.899] [main] INFO  c.a.d.s.b.a.DruidDataSourceAutoConfigure - Init DruidDataSource
[2018-07-02 17:19:55.315] [main] INFO  com.alibaba.druid.pool.DruidDataSource - {dataSource-1} inited
[2018-07-02 17:19:55.794] [main] INFO  o.s.web.servlet.handler.SimpleUrlHandlerMapping - Mapped URL path [/**/favicon.ico] onto handler of type [class org.springframework.web.servlet.resource.ResourceHttpRequestHandler]
[2018-07-02 17:19:56.050] [main] INFO  o.s.w.s.m.m.a.RequestMappingHandlerAdapter - Looking for @ControllerAdvice: org.springframework.web.context.support.GenericWebApplicationContext@3da30852: startup date [Mon Jul 02 17:19:53 GMT+08:00 2018]; root of context hierarchy
[2018-07-02 17:19:56.125] [main] INFO  o.s.w.s.m.m.a.RequestMappingHandlerMapping - Mapped "{[/error]}" onto public org.springframework.http.ResponseEntity<java.util.Map<java.lang.String, java.lang.Object>> org.springframework.boot.autoconfigure.web.servlet.error.BasicErrorController.error(javax.servlet.http.HttpServletRequest)
[2018-07-02 17:19:56.126] [main] INFO  o.s.w.s.m.m.a.RequestMappingHandlerMapping - Mapped "{[/error],produces=[text/html]}" onto public org.springframework.web.servlet.ModelAndView org.springframework.boot.autoconfigure.web.servlet.error.BasicErrorController.errorHtml(javax.servlet.http.HttpServletRequest,javax.servlet.http.HttpServletResponse)
[2018-07-02 17:19:56.153] [main] INFO  o.s.web.servlet.handler.SimpleUrlHandlerMapping - Mapped URL path [/webjars/**] onto handler of type [class org.springframework.web.servlet.resource.ResourceHttpRequestHandler]
[2018-07-02 17:19:56.153] [main] INFO  o.s.web.servlet.handler.SimpleUrlHandlerMapping - Mapped URL path [/**] onto handler of type [class org.springframework.web.servlet.resource.ResourceHttpRequestHandler]
[2018-07-02 17:19:56.514] [main] INFO  o.s.scheduling.concurrent.ThreadPoolTaskExecutor - Initializing ExecutorService 
[2018-07-02 17:19:56.858] [main] INFO  com.lv.zupu.ZupuApplicationTests - Started ZupuApplicationTests in 4.294 seconds (JVM running for 5.24)
[2018-07-02 17:19:57.126] [Thread-3] INFO  o.s.w.context.support.GenericWebApplicationContext - Closing org.springframework.web.context.support.GenericWebApplicationContext@3da30852: startup date [Mon Jul 02 17:19:53 GMT+08:00 2018]; root of context hierarchy
[2018-07-02 17:19:57.138] [Thread-3] INFO  o.s.scheduling.concurrent.ThreadPoolTaskExecutor - Shutting down ExecutorService
[2018-07-02 17:19:57.146] [Thread-3] INFO  com.alibaba.druid.pool.DruidDataSource - {dataSource-1} closed
[2018-07-02 17:23:56.904] [main] INFO  com.lv.zupu.ZupuApplicationTests - Starting ZupuApplicationTests on WIN7U-20170329W with PID 8932 (started by Administrator in D:\resource\workspace\zupu\zupu_family)
[2018-07-02 17:23:56.905] [main] INFO  com.lv.zupu.ZupuApplicationTests - No active profile set, falling back to default profiles: default
[2018-07-02 17:23:56.939] [main] INFO  o.s.w.context.support.GenericWebApplicationContext - Refreshing org.springframework.web.context.support.GenericWebApplicationContext@3da30852: startup date [Mon Jul 02 17:23:56 GMT+08:00 2018]; root of context hierarchy
[2018-07-02 17:23:57.560] [main] INFO  o.s.d.r.config.RepositoryConfigurationDelegate - Multiple Spring Data modules found, entering strict repository configuration mode!
[2018-07-02 17:23:57.942] [main] INFO  o.s.c.s.PostProcessorRegistrationDelegate$BeanPostProcessorChecker - Bean 'org.springframework.transaction.annotation.ProxyTransactionManagementConfiguration' of type [org.springframework.transaction.annotation.ProxyTransactionManagementConfiguration$$EnhancerBySpringCGLIB$$2900daf7] is not eligible for getting processed by all BeanPostProcessors (for example: not eligible for auto-proxying)
[2018-07-02 17:23:58.168] [main] INFO  c.a.d.s.b.a.DruidDataSourceAutoConfigure - Init DruidDataSource
[2018-07-02 17:23:58.592] [main] INFO  com.alibaba.druid.pool.DruidDataSource - {dataSource-1} inited
[2018-07-02 17:23:59.068] [main] INFO  o.s.web.servlet.handler.SimpleUrlHandlerMapping - Mapped URL path [/**/favicon.ico] onto handler of type [class org.springframework.web.servlet.resource.ResourceHttpRequestHandler]
[2018-07-02 17:23:59.357] [main] INFO  o.s.w.s.m.m.a.RequestMappingHandlerAdapter - Looking for @ControllerAdvice: org.springframework.web.context.support.GenericWebApplicationContext@3da30852: startup date [Mon Jul 02 17:23:56 GMT+08:00 2018]; root of context hierarchy
[2018-07-02 17:23:59.413] [main] INFO  o.s.w.s.m.m.a.RequestMappingHandlerMapping - Mapped "{[/error]}" onto public org.springframework.http.ResponseEntity<java.util.Map<java.lang.String, java.lang.Object>> org.springframework.boot.autoconfigure.web.servlet.error.BasicErrorController.error(javax.servlet.http.HttpServletRequest)
[2018-07-02 17:23:59.415] [main] INFO  o.s.w.s.m.m.a.RequestMappingHandlerMapping - Mapped "{[/error],produces=[text/html]}" onto public org.springframework.web.servlet.ModelAndView org.springframework.boot.autoconfigure.web.servlet.error.BasicErrorController.errorHtml(javax.servlet.http.HttpServletRequest,javax.servlet.http.HttpServletResponse)
[2018-07-02 17:23:59.437] [main] INFO  o.s.web.servlet.handler.SimpleUrlHandlerMapping - Mapped URL path [/webjars/**] onto handler of type [class org.springframework.web.servlet.resource.ResourceHttpRequestHandler]
[2018-07-02 17:23:59.437] [main] INFO  o.s.web.servlet.handler.SimpleUrlHandlerMapping - Mapped URL path [/**] onto handler of type [class org.springframework.web.servlet.resource.ResourceHttpRequestHandler]
[2018-07-02 17:23:59.772] [main] INFO  o.s.scheduling.concurrent.ThreadPoolTaskExecutor - Initializing ExecutorService 
[2018-07-02 17:24:00.093] [main] INFO  com.lv.zupu.ZupuApplicationTests - Started ZupuApplicationTests in 3.827 seconds (JVM running for 4.784)
[2018-07-02 17:24:00.370] [Thread-3] INFO  o.s.w.context.support.GenericWebApplicationContext - Closing org.springframework.web.context.support.GenericWebApplicationContext@3da30852: startup date [Mon Jul 02 17:23:56 GMT+08:00 2018]; root of context hierarchy
[2018-07-02 17:24:00.380] [Thread-3] INFO  o.s.scheduling.concurrent.ThreadPoolTaskExecutor - Shutting down ExecutorService
[2018-07-02 17:24:00.388] [Thread-3] INFO  com.alibaba.druid.pool.DruidDataSource - {dataSource-1} closed
[2018-07-02 17:24:20.605] [main] INFO  com.lv.zupu.ZupuApplicationTests - Starting ZupuApplicationTests on WIN7U-20170329W with PID 10872 (started by Administrator in D:\resource\workspace\zupu\zupu_family)
[2018-07-02 17:24:20.607] [main] INFO  com.lv.zupu.ZupuApplicationTests - No active profile set, falling back to default profiles: default
[2018-07-02 17:24:20.648] [main] INFO  o.s.w.context.support.GenericWebApplicationContext - Refreshing org.springframework.web.context.support.GenericWebApplicationContext@3da30852: startup date [Mon Jul 02 17:24:20 GMT+08:00 2018]; root of context hierarchy
[2018-07-02 17:24:21.330] [main] INFO  o.s.d.r.config.RepositoryConfigurationDelegate - Multiple Spring Data modules found, entering strict repository configuration mode!
[2018-07-02 17:24:21.705] [main] INFO  o.s.c.s.PostProcessorRegistrationDelegate$BeanPostProcessorChecker - Bean 'org.springframework.transaction.annotation.ProxyTransactionManagementConfiguration' of type [org.springframework.transaction.annotation.ProxyTransactionManagementConfiguration$$EnhancerBySpringCGLIB$$d55a32b9] is not eligible for getting processed by all BeanPostProcessors (for example: not eligible for auto-proxying)
[2018-07-02 17:24:21.911] [main] INFO  c.a.d.s.b.a.DruidDataSourceAutoConfigure - Init DruidDataSource
[2018-07-02 17:24:22.309] [main] INFO  com.alibaba.druid.pool.DruidDataSource - {dataSource-1} inited
[2018-07-02 17:24:22.771] [main] INFO  o.s.web.servlet.handler.SimpleUrlHandlerMapping - Mapped URL path [/**/favicon.ico] onto handler of type [class org.springframework.web.servlet.resource.ResourceHttpRequestHandler]
[2018-07-02 17:24:23.062] [main] INFO  o.s.w.s.m.m.a.RequestMappingHandlerAdapter - Looking for @ControllerAdvice: org.springframework.web.context.support.GenericWebApplicationContext@3da30852: startup date [Mon Jul 02 17:24:20 GMT+08:00 2018]; root of context hierarchy
[2018-07-02 17:24:23.121] [main] INFO  o.s.w.s.m.m.a.RequestMappingHandlerMapping - Mapped "{[/error]}" onto public org.springframework.http.ResponseEntity<java.util.Map<java.lang.String, java.lang.Object>> org.springframework.boot.autoconfigure.web.servlet.error.BasicErrorController.error(javax.servlet.http.HttpServletRequest)
[2018-07-02 17:24:23.122] [main] INFO  o.s.w.s.m.m.a.RequestMappingHandlerMapping - Mapped "{[/error],produces=[text/html]}" onto public org.springframework.web.servlet.ModelAndView org.springframework.boot.autoconfigure.web.servlet.error.BasicErrorController.errorHtml(javax.servlet.http.HttpServletRequest,javax.servlet.http.HttpServletResponse)
[2018-07-02 17:24:23.144] [main] INFO  o.s.web.servlet.handler.SimpleUrlHandlerMapping - Mapped URL path [/webjars/**] onto handler of type [class org.springframework.web.servlet.resource.ResourceHttpRequestHandler]
[2018-07-02 17:24:23.144] [main] INFO  o.s.web.servlet.handler.SimpleUrlHandlerMapping - Mapped URL path [/**] onto handler of type [class org.springframework.web.servlet.resource.ResourceHttpRequestHandler]
[2018-07-02 17:24:23.489] [main] INFO  o.s.scheduling.concurrent.ThreadPoolTaskExecutor - Initializing ExecutorService 
[2018-07-02 17:24:23.850] [main] INFO  com.lv.zupu.ZupuApplicationTests - Started ZupuApplicationTests in 3.869 seconds (JVM running for 4.905)
[2018-07-02 17:24:24.118] [Thread-3] INFO  o.s.w.context.support.GenericWebApplicationContext - Closing org.springframework.web.context.support.GenericWebApplicationContext@3da30852: startup date [Mon Jul 02 17:24:20 GMT+08:00 2018]; root of context hierarchy
[2018-07-02 17:24:24.128] [Thread-3] INFO  o.s.scheduling.concurrent.ThreadPoolTaskExecutor - Shutting down ExecutorService
[2018-07-02 17:24:24.135] [Thread-3] INFO  com.alibaba.druid.pool.DruidDataSource - {dataSource-1} closed
[2018-07-02 17:25:08.544] [main] INFO  com.lv.zupu.ZupuApplicationTests - Starting ZupuApplicationTests on WIN7U-20170329W with PID 4804 (started by Administrator in D:\resource\workspace\zupu\zupu_family)
[2018-07-02 17:25:08.545] [main] INFO  com.lv.zupu.ZupuApplicationTests - No active profile set, falling back to default profiles: default
[2018-07-02 17:25:08.580] [main] INFO  o.s.w.context.support.GenericWebApplicationContext - Refreshing org.springframework.web.context.support.GenericWebApplicationContext@3da30852: startup date [Mon Jul 02 17:25:08 GMT+08:00 2018]; root of context hierarchy
[2018-07-02 17:25:09.301] [main] INFO  o.s.d.r.config.RepositoryConfigurationDelegate - Multiple Spring Data modules found, entering strict repository configuration mode!
[2018-07-02 17:25:09.676] [main] INFO  o.s.c.s.PostProcessorRegistrationDelegate$BeanPostProcessorChecker - Bean 'org.springframework.transaction.annotation.ProxyTransactionManagementConfiguration' of type [org.springframework.transaction.annotation.ProxyTransactionManagementConfiguration$$EnhancerBySpringCGLIB$$d55a32b9] is not eligible for getting processed by all BeanPostProcessors (for example: not eligible for auto-proxying)
[2018-07-02 17:25:09.887] [main] INFO  c.a.d.s.b.a.DruidDataSourceAutoConfigure - Init DruidDataSource
[2018-07-02 17:25:10.265] [main] INFO  com.alibaba.druid.pool.DruidDataSource - {dataSource-1} inited
[2018-07-02 17:25:10.716] [main] INFO  o.s.web.servlet.handler.SimpleUrlHandlerMapping - Mapped URL path [/**/favicon.ico] onto handler of type [class org.springframework.web.servlet.resource.ResourceHttpRequestHandler]
[2018-07-02 17:25:10.978] [main] INFO  o.s.w.s.m.m.a.RequestMappingHandlerAdapter - Looking for @ControllerAdvice: org.springframework.web.context.support.GenericWebApplicationContext@3da30852: startup date [Mon Jul 02 17:25:08 GMT+08:00 2018]; root of context hierarchy
[2018-07-02 17:25:11.039] [main] INFO  o.s.w.s.m.m.a.RequestMappingHandlerMapping - Mapped "{[/error]}" onto public org.springframework.http.ResponseEntity<java.util.Map<java.lang.String, java.lang.Object>> org.springframework.boot.autoconfigure.web.servlet.error.BasicErrorController.error(javax.servlet.http.HttpServletRequest)
[2018-07-02 17:25:11.040] [main] INFO  o.s.w.s.m.m.a.RequestMappingHandlerMapping - Mapped "{[/error],produces=[text/html]}" onto public org.springframework.web.servlet.ModelAndView org.springframework.boot.autoconfigure.web.servlet.error.BasicErrorController.errorHtml(javax.servlet.http.HttpServletRequest,javax.servlet.http.HttpServletResponse)
[2018-07-02 17:25:11.083] [main] INFO  o.s.web.servlet.handler.SimpleUrlHandlerMapping - Mapped URL path [/webjars/**] onto handler of type [class org.springframework.web.servlet.resource.ResourceHttpRequestHandler]
[2018-07-02 17:25:11.083] [main] INFO  o.s.web.servlet.handler.SimpleUrlHandlerMapping - Mapped URL path [/**] onto handler of type [class org.springframework.web.servlet.resource.ResourceHttpRequestHandler]
[2018-07-02 17:25:11.406] [main] INFO  o.s.scheduling.concurrent.ThreadPoolTaskExecutor - Initializing ExecutorService 
[2018-07-02 17:25:11.729] [main] INFO  com.lv.zupu.ZupuApplicationTests - Started ZupuApplicationTests in 3.744 seconds (JVM running for 4.687)
[2018-07-02 17:25:11.991] [Thread-3] INFO  o.s.w.context.support.GenericWebApplicationContext - Closing org.springframework.web.context.support.GenericWebApplicationContext@3da30852: startup date [Mon Jul 02 17:25:08 GMT+08:00 2018]; root of context hierarchy
[2018-07-02 17:25:12.006] [Thread-3] INFO  o.s.scheduling.concurrent.ThreadPoolTaskExecutor - Shutting down ExecutorService
[2018-07-02 17:25:12.015] [Thread-3] INFO  com.alibaba.druid.pool.DruidDataSource - {dataSource-1} closed
[2018-07-02 17:25:33.700] [main] INFO  com.lv.zupu.ZupuApplicationTests - Starting ZupuApplicationTests on WIN7U-20170329W with PID 11500 (started by Administrator in D:\resource\workspace\zupu\zupu_family)
[2018-07-02 17:25:33.701] [main] INFO  com.lv.zupu.ZupuApplicationTests - No active profile set, falling back to default profiles: default
[2018-07-02 17:25:33.737] [main] INFO  o.s.w.context.support.GenericWebApplicationContext - Refreshing org.springframework.web.context.support.GenericWebApplicationContext@3da30852: startup date [Mon Jul 02 17:25:33 GMT+08:00 2018]; root of context hierarchy
[2018-07-02 17:25:34.332] [main] INFO  o.s.d.r.config.RepositoryConfigurationDelegate - Multiple Spring Data modules found, entering strict repository configuration mode!
[2018-07-02 17:25:34.687] [main] INFO  o.s.c.s.PostProcessorRegistrationDelegate$BeanPostProcessorChecker - Bean 'org.springframework.transaction.annotation.ProxyTransactionManagementConfiguration' of type [org.springframework.transaction.annotation.ProxyTransactionManagementConfiguration$$EnhancerBySpringCGLIB$$7f1777de] is not eligible for getting processed by all BeanPostProcessors (for example: not eligible for auto-proxying)
[2018-07-02 17:25:34.910] [main] INFO  c.a.d.s.b.a.DruidDataSourceAutoConfigure - Init DruidDataSource
[2018-07-02 17:25:35.321] [main] INFO  com.alibaba.druid.pool.DruidDataSource - {dataSource-1} inited
[2018-07-02 17:25:35.804] [main] INFO  o.s.web.servlet.handler.SimpleUrlHandlerMapping - Mapped URL path [/**/favicon.ico] onto handler of type [class org.springframework.web.servlet.resource.ResourceHttpRequestHandler]
[2018-07-02 17:25:36.059] [main] INFO  o.s.w.s.m.m.a.RequestMappingHandlerAdapter - Looking for @ControllerAdvice: org.springframework.web.context.support.GenericWebApplicationContext@3da30852: startup date [Mon Jul 02 17:25:33 GMT+08:00 2018]; root of context hierarchy
[2018-07-02 17:25:36.124] [main] INFO  o.s.w.s.m.m.a.RequestMappingHandlerMapping - Mapped "{[/error]}" onto public org.springframework.http.ResponseEntity<java.util.Map<java.lang.String, java.lang.Object>> org.springframework.boot.autoconfigure.web.servlet.error.BasicErrorController.error(javax.servlet.http.HttpServletRequest)
[2018-07-02 17:25:36.126] [main] INFO  o.s.w.s.m.m.a.RequestMappingHandlerMapping - Mapped "{[/error],produces=[text/html]}" onto public org.springframework.web.servlet.ModelAndView org.springframework.boot.autoconfigure.web.servlet.error.BasicErrorController.errorHtml(javax.servlet.http.HttpServletRequest,javax.servlet.http.HttpServletResponse)
[2018-07-02 17:25:36.155] [main] INFO  o.s.web.servlet.handler.SimpleUrlHandlerMapping - Mapped URL path [/webjars/**] onto handler of type [class org.springframework.web.servlet.resource.ResourceHttpRequestHandler]
[2018-07-02 17:25:36.155] [main] INFO  o.s.web.servlet.handler.SimpleUrlHandlerMapping - Mapped URL path [/**] onto handler of type [class org.springframework.web.servlet.resource.ResourceHttpRequestHandler]
[2018-07-02 17:25:36.525] [main] INFO  o.s.scheduling.concurrent.ThreadPoolTaskExecutor - Initializing ExecutorService 
[2018-07-02 17:25:36.859] [main] INFO  com.lv.zupu.ZupuApplicationTests - Started ZupuApplicationTests in 3.744 seconds (JVM running for 4.799)
[2018-07-02 17:25:37.139] [Thread-3] INFO  o.s.w.context.support.GenericWebApplicationContext - Closing org.springframework.web.context.support.GenericWebApplicationContext@3da30852: startup date [Mon Jul 02 17:25:33 GMT+08:00 2018]; root of context hierarchy
[2018-07-02 17:25:37.150] [Thread-3] INFO  o.s.scheduling.concurrent.ThreadPoolTaskExecutor - Shutting down ExecutorService
[2018-07-02 17:25:37.158] [Thread-3] INFO  com.alibaba.druid.pool.DruidDataSource - {dataSource-1} closed
[2018-07-02 17:26:44.997] [main] INFO  com.lv.zupu.ZupuApplicationTests - Starting ZupuApplicationTests on WIN7U-20170329W with PID 13716 (started by Administrator in D:\resource\workspace\zupu\zupu_family)
[2018-07-02 17:26:44.998] [main] INFO  com.lv.zupu.ZupuApplicationTests - No active profile set, falling back to default profiles: default
[2018-07-02 17:26:45.038] [main] INFO  o.s.w.context.support.GenericWebApplicationContext - Refreshing org.springframework.web.context.support.GenericWebApplicationContext@3da30852: startup date [Mon Jul 02 17:26:45 GMT+08:00 2018]; root of context hierarchy
[2018-07-02 17:26:45.617] [main] INFO  o.s.d.r.config.RepositoryConfigurationDelegate - Multiple Spring Data modules found, entering strict repository configuration mode!
[2018-07-02 17:26:46.027] [main] INFO  o.s.c.s.PostProcessorRegistrationDelegate$BeanPostProcessorChecker - Bean 'org.springframework.transaction.annotation.ProxyTransactionManagementConfiguration' of type [org.springframework.transaction.annotation.ProxyTransactionManagementConfiguration$$EnhancerBySpringCGLIB$$617cd2bc] is not eligible for getting processed by all BeanPostProcessors (for example: not eligible for auto-proxying)
[2018-07-02 17:26:46.240] [main] INFO  c.a.d.s.b.a.DruidDataSourceAutoConfigure - Init DruidDataSource
[2018-07-02 17:26:46.633] [main] INFO  com.alibaba.druid.pool.DruidDataSource - {dataSource-1} inited
[2018-07-02 17:26:47.093] [main] INFO  o.s.web.servlet.handler.SimpleUrlHandlerMapping - Mapped URL path [/**/favicon.ico] onto handler of type [class org.springframework.web.servlet.resource.ResourceHttpRequestHandler]
[2018-07-02 17:26:47.337] [main] INFO  o.s.w.s.m.m.a.RequestMappingHandlerAdapter - Looking for @ControllerAdvice: org.springframework.web.context.support.GenericWebApplicationContext@3da30852: startup date [Mon Jul 02 17:26:45 GMT+08:00 2018]; root of context hierarchy
[2018-07-02 17:26:47.402] [main] INFO  o.s.w.s.m.m.a.RequestMappingHandlerMapping - Mapped "{[/error]}" onto public org.springframework.http.ResponseEntity<java.util.Map<java.lang.String, java.lang.Object>> org.springframework.boot.autoconfigure.web.servlet.error.BasicErrorController.error(javax.servlet.http.HttpServletRequest)
[2018-07-02 17:26:47.403] [main] INFO  o.s.w.s.m.m.a.RequestMappingHandlerMapping - Mapped "{[/error],produces=[text/html]}" onto public org.springframework.web.servlet.ModelAndView org.springframework.boot.autoconfigure.web.servlet.error.BasicErrorController.errorHtml(javax.servlet.http.HttpServletRequest,javax.servlet.http.HttpServletResponse)
[2018-07-02 17:26:47.427] [main] INFO  o.s.web.servlet.handler.SimpleUrlHandlerMapping - Mapped URL path [/webjars/**] onto handler of type [class org.springframework.web.servlet.resource.ResourceHttpRequestHandler]
[2018-07-02 17:26:47.428] [main] INFO  o.s.web.servlet.handler.SimpleUrlHandlerMapping - Mapped URL path [/**] onto handler of type [class org.springframework.web.servlet.resource.ResourceHttpRequestHandler]
[2018-07-02 17:26:47.777] [main] INFO  o.s.scheduling.concurrent.ThreadPoolTaskExecutor - Initializing ExecutorService 
[2018-07-02 17:26:48.128] [main] INFO  com.lv.zupu.ZupuApplicationTests - Started ZupuApplicationTests in 3.834 seconds (JVM running for 4.882)
[2018-07-02 17:26:48.394] [Thread-3] INFO  o.s.w.context.support.GenericWebApplicationContext - Closing org.springframework.web.context.support.GenericWebApplicationContext@3da30852: startup date [Mon Jul 02 17:26:45 GMT+08:00 2018]; root of context hierarchy
[2018-07-02 17:26:48.404] [Thread-3] INFO  o.s.scheduling.concurrent.ThreadPoolTaskExecutor - Shutting down ExecutorService
[2018-07-02 17:26:48.411] [Thread-3] INFO  com.alibaba.druid.pool.DruidDataSource - {dataSource-1} closed
[2018-07-02 17:29:20.718] [main] INFO  com.lv.zupu.ZupuApplicationTests - Starting ZupuApplicationTests on WIN7U-20170329W with PID 6780 (started by Administrator in D:\resource\workspace\zupu\zupu_family)
[2018-07-02 17:29:20.719] [main] INFO  com.lv.zupu.ZupuApplicationTests - No active profile set, falling back to default profiles: default
[2018-07-02 17:29:20.758] [main] INFO  o.s.w.context.support.GenericWebApplicationContext - Refreshing org.springframework.web.context.support.GenericWebApplicationContext@3da30852: startup date [Mon Jul 02 17:29:20 GMT+08:00 2018]; root of context hierarchy
[2018-07-02 17:29:21.516] [main] INFO  o.s.d.r.config.RepositoryConfigurationDelegate - Multiple Spring Data modules found, entering strict repository configuration mode!
[2018-07-02 17:29:21.874] [main] INFO  o.s.c.s.PostProcessorRegistrationDelegate$BeanPostProcessorChecker - Bean 'org.springframework.transaction.annotation.ProxyTransactionManagementConfiguration' of type [org.springframework.transaction.annotation.ProxyTransactionManagementConfiguration$$EnhancerBySpringCGLIB$$f86f5116] is not eligible for getting processed by all BeanPostProcessors (for example: not eligible for auto-proxying)
[2018-07-02 17:29:22.083] [main] INFO  c.a.d.s.b.a.DruidDataSourceAutoConfigure - Init DruidDataSource
[2018-07-02 17:29:22.450] [main] INFO  com.alibaba.druid.pool.DruidDataSource - {dataSource-1} inited
[2018-07-02 17:29:22.909] [main] INFO  o.s.web.servlet.handler.SimpleUrlHandlerMapping - Mapped URL path [/**/favicon.ico] onto handler of type [class org.springframework.web.servlet.resource.ResourceHttpRequestHandler]
[2018-07-02 17:29:23.167] [main] INFO  o.s.w.s.m.m.a.RequestMappingHandlerAdapter - Looking for @ControllerAdvice: org.springframework.web.context.support.GenericWebApplicationContext@3da30852: startup date [Mon Jul 02 17:29:20 GMT+08:00 2018]; root of context hierarchy
[2018-07-02 17:29:23.236] [main] INFO  o.s.w.s.m.m.a.RequestMappingHandlerMapping - Mapped "{[/error]}" onto public org.springframework.http.ResponseEntity<java.util.Map<java.lang.String, java.lang.Object>> org.springframework.boot.autoconfigure.web.servlet.error.BasicErrorController.error(javax.servlet.http.HttpServletRequest)
[2018-07-02 17:29:23.237] [main] INFO  o.s.w.s.m.m.a.RequestMappingHandlerMapping - Mapped "{[/error],produces=[text/html]}" onto public org.springframework.web.servlet.ModelAndView org.springframework.boot.autoconfigure.web.servlet.error.BasicErrorController.errorHtml(javax.servlet.http.HttpServletRequest,javax.servlet.http.HttpServletResponse)
[2018-07-02 17:29:23.263] [main] INFO  o.s.web.servlet.handler.SimpleUrlHandlerMapping - Mapped URL path [/webjars/**] onto handler of type [class org.springframework.web.servlet.resource.ResourceHttpRequestHandler]
[2018-07-02 17:29:23.263] [main] INFO  o.s.web.servlet.handler.SimpleUrlHandlerMapping - Mapped URL path [/**] onto handler of type [class org.springframework.web.servlet.resource.ResourceHttpRequestHandler]
[2018-07-02 17:29:23.653] [main] INFO  o.s.scheduling.concurrent.ThreadPoolTaskExecutor - Initializing ExecutorService 
[2018-07-02 17:29:23.959] [main] INFO  com.lv.zupu.ZupuApplicationTests - Started ZupuApplicationTests in 3.877 seconds (JVM running for 4.913)
[2018-07-02 17:29:24.202] [Thread-3] INFO  o.s.w.context.support.GenericWebApplicationContext - Closing org.springframework.web.context.support.GenericWebApplicationContext@3da30852: startup date [Mon Jul 02 17:29:20 GMT+08:00 2018]; root of context hierarchy
[2018-07-02 17:29:24.215] [Thread-3] INFO  o.s.scheduling.concurrent.ThreadPoolTaskExecutor - Shutting down ExecutorService
[2018-07-02 17:29:24.224] [Thread-3] INFO  com.alibaba.druid.pool.DruidDataSource - {dataSource-1} closed
[2018-07-02 17:34:46.626] [main] INFO  com.lv.zupu.ZupuApplicationTests - Starting ZupuApplicationTests on WIN7U-20170329W with PID 6196 (started by Administrator in D:\resource\workspace\zupu\zupu_family)
[2018-07-02 17:34:46.627] [main] INFO  com.lv.zupu.ZupuApplicationTests - No active profile set, falling back to default profiles: default
[2018-07-02 17:34:46.657] [main] INFO  o.s.w.context.support.GenericWebApplicationContext - Refreshing org.springframework.web.context.support.GenericWebApplicationContext@3da30852: startup date [Mon Jul 02 17:34:46 GMT+08:00 2018]; root of context hierarchy
[2018-07-02 17:34:47.292] [main] INFO  o.s.d.r.config.RepositoryConfigurationDelegate - Multiple Spring Data modules found, entering strict repository configuration mode!
[2018-07-02 17:34:47.687] [main] INFO  o.s.c.s.PostProcessorRegistrationDelegate$BeanPostProcessorChecker - Bean 'org.springframework.transaction.annotation.ProxyTransactionManagementConfiguration' of type [org.springframework.transaction.annotation.ProxyTransactionManagementConfiguration$$EnhancerBySpringCGLIB$$67231b89] is not eligible for getting processed by all BeanPostProcessors (for example: not eligible for auto-proxying)
[2018-07-02 17:34:47.887] [main] INFO  c.a.d.s.b.a.DruidDataSourceAutoConfigure - Init DruidDataSource
[2018-07-02 17:34:48.272] [main] INFO  com.alibaba.druid.pool.DruidDataSource - {dataSource-1} inited
[2018-07-02 17:34:48.761] [main] INFO  o.s.web.servlet.handler.SimpleUrlHandlerMapping - Mapped URL path [/**/favicon.ico] onto handler of type [class org.springframework.web.servlet.resource.ResourceHttpRequestHandler]
[2018-07-02 17:34:49.036] [main] INFO  o.s.w.s.m.m.a.RequestMappingHandlerAdapter - Looking for @ControllerAdvice: org.springframework.web.context.support.GenericWebApplicationContext@3da30852: startup date [Mon Jul 02 17:34:46 GMT+08:00 2018]; root of context hierarchy
[2018-07-02 17:34:49.106] [main] INFO  o.s.w.s.m.m.a.RequestMappingHandlerMapping - Mapped "{[/error]}" onto public org.springframework.http.ResponseEntity<java.util.Map<java.lang.String, java.lang.Object>> org.springframework.boot.autoconfigure.web.servlet.error.BasicErrorController.error(javax.servlet.http.HttpServletRequest)
[2018-07-02 17:34:49.107] [main] INFO  o.s.w.s.m.m.a.RequestMappingHandlerMapping - Mapped "{[/error],produces=[text/html]}" onto public org.springframework.web.servlet.ModelAndView org.springframework.boot.autoconfigure.web.servlet.error.BasicErrorController.errorHtml(javax.servlet.http.HttpServletRequest,javax.servlet.http.HttpServletResponse)
[2018-07-02 17:34:49.134] [main] INFO  o.s.web.servlet.handler.SimpleUrlHandlerMapping - Mapped URL path [/webjars/**] onto handler of type [class org.springframework.web.servlet.resource.ResourceHttpRequestHandler]
[2018-07-02 17:34:49.135] [main] INFO  o.s.web.servlet.handler.SimpleUrlHandlerMapping - Mapped URL path [/**] onto handler of type [class org.springframework.web.servlet.resource.ResourceHttpRequestHandler]
[2018-07-02 17:34:49.493] [main] INFO  o.s.scheduling.concurrent.ThreadPoolTaskExecutor - Initializing ExecutorService 
[2018-07-02 17:34:49.815] [main] INFO  com.lv.zupu.ZupuApplicationTests - Started ZupuApplicationTests in 3.726 seconds (JVM running for 4.78)
[2018-07-02 17:34:50.047] [Thread-3] INFO  o.s.w.context.support.GenericWebApplicationContext - Closing org.springframework.web.context.support.GenericWebApplicationContext@3da30852: startup date [Mon Jul 02 17:34:46 GMT+08:00 2018]; root of context hierarchy
[2018-07-02 17:34:50.055] [Thread-3] INFO  o.s.scheduling.concurrent.ThreadPoolTaskExecutor - Shutting down ExecutorService
[2018-07-02 17:34:50.061] [Thread-3] INFO  com.alibaba.druid.pool.DruidDataSource - {dataSource-1} closed
[2018-07-02 17:38:35.736] [main] INFO  com.lv.zupu.ZupuApplicationTests - Starting ZupuApplicationTests on WIN7U-20170329W with PID 596 (started by Administrator in D:\resource\workspace\zupu\zupu_family)
[2018-07-02 17:38:35.738] [main] INFO  com.lv.zupu.ZupuApplicationTests - No active profile set, falling back to default profiles: default
[2018-07-02 17:38:35.773] [main] INFO  o.s.w.context.support.GenericWebApplicationContext - Refreshing org.springframework.web.context.support.GenericWebApplicationContext@3da30852: startup date [Mon Jul 02 17:38:35 GMT+08:00 2018]; root of context hierarchy
[2018-07-02 17:38:36.524] [main] INFO  o.s.d.r.config.RepositoryConfigurationDelegate - Multiple Spring Data modules found, entering strict repository configuration mode!
[2018-07-02 17:38:36.886] [main] INFO  o.s.c.s.PostProcessorRegistrationDelegate$BeanPostProcessorChecker - Bean 'org.springframework.transaction.annotation.ProxyTransactionManagementConfiguration' of type [org.springframework.transaction.annotation.ProxyTransactionManagementConfiguration$$EnhancerBySpringCGLIB$$d55a32b9] is not eligible for getting processed by all BeanPostProcessors (for example: not eligible for auto-proxying)
[2018-07-02 17:38:37.107] [main] INFO  c.a.d.s.b.a.DruidDataSourceAutoConfigure - Init DruidDataSource
[2018-07-02 17:38:37.503] [main] INFO  com.alibaba.druid.pool.DruidDataSource - {dataSource-1} inited
[2018-07-02 17:38:37.978] [main] INFO  o.s.web.servlet.handler.SimpleUrlHandlerMapping - Mapped URL path [/**/favicon.ico] onto handler of type [class org.springframework.web.servlet.resource.ResourceHttpRequestHandler]
[2018-07-02 17:38:38.243] [main] INFO  o.s.w.s.m.m.a.RequestMappingHandlerAdapter - Looking for @ControllerAdvice: org.springframework.web.context.support.GenericWebApplicationContext@3da30852: startup date [Mon Jul 02 17:38:35 GMT+08:00 2018]; root of context hierarchy
[2018-07-02 17:38:38.302] [main] INFO  o.s.w.s.m.m.a.RequestMappingHandlerMapping - Mapped "{[/error]}" onto public org.springframework.http.ResponseEntity<java.util.Map<java.lang.String, java.lang.Object>> org.springframework.boot.autoconfigure.web.servlet.error.BasicErrorController.error(javax.servlet.http.HttpServletRequest)
[2018-07-02 17:38:38.304] [main] INFO  o.s.w.s.m.m.a.RequestMappingHandlerMapping - Mapped "{[/error],produces=[text/html]}" onto public org.springframework.web.servlet.ModelAndView org.springframework.boot.autoconfigure.web.servlet.error.BasicErrorController.errorHtml(javax.servlet.http.HttpServletRequest,javax.servlet.http.HttpServletResponse)
[2018-07-02 17:38:38.332] [main] INFO  o.s.web.servlet.handler.SimpleUrlHandlerMapping - Mapped URL path [/webjars/**] onto handler of type [class org.springframework.web.servlet.resource.ResourceHttpRequestHandler]
[2018-07-02 17:38:38.332] [main] INFO  o.s.web.servlet.handler.SimpleUrlHandlerMapping - Mapped URL path [/**] onto handler of type [class org.springframework.web.servlet.resource.ResourceHttpRequestHandler]
[2018-07-02 17:38:38.713] [main] INFO  o.s.scheduling.concurrent.ThreadPoolTaskExecutor - Initializing ExecutorService 
[2018-07-02 17:38:39.091] [main] INFO  com.lv.zupu.ZupuApplicationTests - Started ZupuApplicationTests in 3.998 seconds (JVM running for 4.989)
[2018-07-02 17:38:39.346] [Thread-3] INFO  o.s.w.context.support.GenericWebApplicationContext - Closing org.springframework.web.context.support.GenericWebApplicationContext@3da30852: startup date [Mon Jul 02 17:38:35 GMT+08:00 2018]; root of context hierarchy
[2018-07-02 17:38:39.356] [Thread-3] INFO  o.s.scheduling.concurrent.ThreadPoolTaskExecutor - Shutting down ExecutorService
[2018-07-02 17:38:39.364] [Thread-3] INFO  com.alibaba.druid.pool.DruidDataSource - {dataSource-1} closed
[2018-07-02 17:48:22.419] [main] INFO  com.lv.zupu.ZupuApplicationTests - Starting ZupuApplicationTests on WIN7U-20170329W with PID 6476 (started by Administrator in D:\resource\workspace\zupu\zupu_family)
[2018-07-02 17:48:22.423] [main] INFO  com.lv.zupu.ZupuApplicationTests - No active profile set, falling back to default profiles: default
[2018-07-02 17:48:22.457] [main] INFO  o.s.w.context.support.GenericWebApplicationContext - Refreshing org.springframework.web.context.support.GenericWebApplicationContext@403f0a22: startup date [Mon Jul 02 17:48:22 GMT+08:00 2018]; root of context hierarchy
[2018-07-02 17:48:23.105] [main] INFO  o.s.d.r.config.RepositoryConfigurationDelegate - Multiple Spring Data modules found, entering strict repository configuration mode!
[2018-07-02 17:48:23.468] [main] INFO  o.s.c.s.PostProcessorRegistrationDelegate$BeanPostProcessorChecker - Bean 'org.springframework.transaction.annotation.ProxyTransactionManagementConfiguration' of type [org.springframework.transaction.annotation.ProxyTransactionManagementConfiguration$$EnhancerBySpringCGLIB$$25de7292] is not eligible for getting processed by all BeanPostProcessors (for example: not eligible for auto-proxying)
[2018-07-02 17:48:23.672] [main] INFO  c.a.d.s.b.a.DruidDataSourceAutoConfigure - Init DruidDataSource
[2018-07-02 17:48:24.041] [main] INFO  com.alibaba.druid.pool.DruidDataSource - {dataSource-1} inited
[2018-07-02 17:48:24.559] [main] INFO  o.s.web.servlet.handler.SimpleUrlHandlerMapping - Mapped URL path [/**/favicon.ico] onto handler of type [class org.springframework.web.servlet.resource.ResourceHttpRequestHandler]
[2018-07-02 17:48:24.965] [main] INFO  o.s.w.s.m.m.a.RequestMappingHandlerAdapter - Looking for @ControllerAdvice: org.springframework.web.context.support.GenericWebApplicationContext@403f0a22: startup date [Mon Jul 02 17:48:22 GMT+08:00 2018]; root of context hierarchy
[2018-07-02 17:48:25.056] [main] INFO  o.s.w.s.m.m.a.RequestMappingHandlerMapping - Mapped "{[/error]}" onto public org.springframework.http.ResponseEntity<java.util.Map<java.lang.String, java.lang.Object>> org.springframework.boot.autoconfigure.web.servlet.error.BasicErrorController.error(javax.servlet.http.HttpServletRequest)
[2018-07-02 17:48:25.057] [main] INFO  o.s.w.s.m.m.a.RequestMappingHandlerMapping - Mapped "{[/error],produces=[text/html]}" onto public org.springframework.web.servlet.ModelAndView org.springframework.boot.autoconfigure.web.servlet.error.BasicErrorController.errorHtml(javax.servlet.http.HttpServletRequest,javax.servlet.http.HttpServletResponse)
[2018-07-02 17:48:25.079] [main] INFO  o.s.web.servlet.handler.SimpleUrlHandlerMapping - Mapped URL path [/webjars/**] onto handler of type [class org.springframework.web.servlet.resource.ResourceHttpRequestHandler]
[2018-07-02 17:48:25.080] [main] INFO  o.s.web.servlet.handler.SimpleUrlHandlerMapping - Mapped URL path [/**] onto handler of type [class org.springframework.web.servlet.resource.ResourceHttpRequestHandler]
[2018-07-02 17:48:25.833] [main] INFO  o.s.scheduling.concurrent.ThreadPoolTaskExecutor - Initializing ExecutorService 
[2018-07-02 17:48:26.185] [main] INFO  com.lv.zupu.ZupuApplicationTests - Started ZupuApplicationTests in 4.385 seconds (JVM running for 5.324)
[2018-07-02 17:48:26.464] [Thread-3] INFO  o.s.w.context.support.GenericWebApplicationContext - Closing org.springframework.web.context.support.GenericWebApplicationContext@403f0a22: startup date [Mon Jul 02 17:48:22 GMT+08:00 2018]; root of context hierarchy
[2018-07-02 17:48:26.478] [Thread-3] INFO  o.s.scheduling.concurrent.ThreadPoolTaskExecutor - Shutting down ExecutorService
[2018-07-02 17:48:26.485] [Thread-3] INFO  com.alibaba.druid.pool.DruidDataSource - {dataSource-1} closed
[2018-07-02 17:49:38.622] [main] INFO  com.lv.zupu.ZupuApplicationTests - Starting ZupuApplicationTests on WIN7U-20170329W with PID 8696 (started by Administrator in D:\resource\workspace\zupu\zupu_family)
[2018-07-02 17:49:38.623] [main] INFO  com.lv.zupu.ZupuApplicationTests - No active profile set, falling back to default profiles: default
[2018-07-02 17:49:38.662] [main] INFO  o.s.w.context.support.GenericWebApplicationContext - Refreshing org.springframework.web.context.support.GenericWebApplicationContext@403f0a22: startup date [Mon Jul 02 17:49:38 GMT+08:00 2018]; root of context hierarchy
[2018-07-02 17:49:39.295] [main] INFO  o.s.d.r.config.RepositoryConfigurationDelegate - Multiple Spring Data modules found, entering strict repository configuration mode!
[2018-07-02 17:49:39.779] [main] INFO  o.s.c.s.PostProcessorRegistrationDelegate$BeanPostProcessorChecker - Bean 'org.springframework.transaction.annotation.ProxyTransactionManagementConfiguration' of type [org.springframework.transaction.annotation.ProxyTransactionManagementConfiguration$$EnhancerBySpringCGLIB$$c847d28d] is not eligible for getting processed by all BeanPostProcessors (for example: not eligible for auto-proxying)
[2018-07-02 17:49:40.009] [main] INFO  c.a.d.s.b.a.DruidDataSourceAutoConfigure - Init DruidDataSource
[2018-07-02 17:49:40.385] [main] INFO  com.alibaba.druid.pool.DruidDataSource - {dataSource-1} inited
[2018-07-02 17:49:40.861] [main] INFO  o.s.web.servlet.handler.SimpleUrlHandlerMapping - Mapped URL path [/**/favicon.ico] onto handler of type [class org.springframework.web.servlet.resource.ResourceHttpRequestHandler]
[2018-07-02 17:49:41.123] [main] INFO  o.s.w.s.m.m.a.RequestMappingHandlerAdapter - Looking for @ControllerAdvice: org.springframework.web.context.support.GenericWebApplicationContext@403f0a22: startup date [Mon Jul 02 17:49:38 GMT+08:00 2018]; root of context hierarchy
[2018-07-02 17:49:41.199] [main] INFO  o.s.w.s.m.m.a.RequestMappingHandlerMapping - Mapped "{[/error]}" onto public org.springframework.http.ResponseEntity<java.util.Map<java.lang.String, java.lang.Object>> org.springframework.boot.autoconfigure.web.servlet.error.BasicErrorController.error(javax.servlet.http.HttpServletRequest)
[2018-07-02 17:49:41.201] [main] INFO  o.s.w.s.m.m.a.RequestMappingHandlerMapping - Mapped "{[/error],produces=[text/html]}" onto public org.springframework.web.servlet.ModelAndView org.springframework.boot.autoconfigure.web.servlet.error.BasicErrorController.errorHtml(javax.servlet.http.HttpServletRequest,javax.servlet.http.HttpServletResponse)
[2018-07-02 17:49:41.256] [main] INFO  o.s.web.servlet.handler.SimpleUrlHandlerMapping - Mapped URL path [/webjars/**] onto handler of type [class org.springframework.web.servlet.resource.ResourceHttpRequestHandler]
[2018-07-02 17:49:41.256] [main] INFO  o.s.web.servlet.handler.SimpleUrlHandlerMapping - Mapped URL path [/**] onto handler of type [class org.springframework.web.servlet.resource.ResourceHttpRequestHandler]
[2018-07-02 17:49:41.634] [main] INFO  o.s.scheduling.concurrent.ThreadPoolTaskExecutor - Initializing ExecutorService 
[2018-07-02 17:49:41.977] [main] INFO  com.lv.zupu.ZupuApplicationTests - Started ZupuApplicationTests in 3.904 seconds (JVM running for 4.908)
[2018-07-02 17:49:42.069] [Thread-3] INFO  o.s.w.context.support.GenericWebApplicationContext - Closing org.springframework.web.context.support.GenericWebApplicationContext@403f0a22: startup date [Mon Jul 02 17:49:38 GMT+08:00 2018]; root of context hierarchy
[2018-07-02 17:49:42.081] [Thread-3] INFO  o.s.scheduling.concurrent.ThreadPoolTaskExecutor - Shutting down ExecutorService
[2018-07-02 17:49:42.088] [Thread-3] INFO  com.alibaba.druid.pool.DruidDataSource - {dataSource-1} closed
[2018-07-02 17:50:53.732] [main] INFO  com.lv.zupu.ZupuApplicationTests - Starting ZupuApplicationTests on WIN7U-20170329W with PID 12136 (started by Administrator in D:\resource\workspace\zupu\zupu_family)
[2018-07-02 17:50:53.735] [main] INFO  com.lv.zupu.ZupuApplicationTests - No active profile set, falling back to default profiles: default
[2018-07-02 17:50:53.773] [main] INFO  o.s.w.context.support.GenericWebApplicationContext - Refreshing org.springframework.web.context.support.GenericWebApplicationContext@403f0a22: startup date [Mon Jul 02 17:50:53 GMT+08:00 2018]; root of context hierarchy
[2018-07-02 17:50:54.432] [main] INFO  o.s.d.r.config.RepositoryConfigurationDelegate - Multiple Spring Data modules found, entering strict repository configuration mode!
[2018-07-02 17:50:54.804] [main] INFO  o.s.c.s.PostProcessorRegistrationDelegate$BeanPostProcessorChecker - Bean 'org.springframework.transaction.annotation.ProxyTransactionManagementConfiguration' of type [org.springframework.transaction.annotation.ProxyTransactionManagementConfiguration$$EnhancerBySpringCGLIB$$a2e64d2d] is not eligible for getting processed by all BeanPostProcessors (for example: not eligible for auto-proxying)
[2018-07-02 17:50:55.021] [main] INFO  c.a.d.s.b.a.DruidDataSourceAutoConfigure - Init DruidDataSource
[2018-07-02 17:50:55.406] [main] INFO  com.alibaba.druid.pool.DruidDataSource - {dataSource-1} inited
[2018-07-02 17:50:55.891] [main] INFO  o.s.web.servlet.handler.SimpleUrlHandlerMapping - Mapped URL path [/**/favicon.ico] onto handler of type [class org.springframework.web.servlet.resource.ResourceHttpRequestHandler]
[2018-07-02 17:50:56.153] [main] INFO  o.s.w.s.m.m.a.RequestMappingHandlerAdapter - Looking for @ControllerAdvice: org.springframework.web.context.support.GenericWebApplicationContext@403f0a22: startup date [Mon Jul 02 17:50:53 GMT+08:00 2018]; root of context hierarchy
[2018-07-02 17:50:56.227] [main] INFO  o.s.w.s.m.m.a.RequestMappingHandlerMapping - Mapped "{[/error]}" onto public org.springframework.http.ResponseEntity<java.util.Map<java.lang.String, java.lang.Object>> org.springframework.boot.autoconfigure.web.servlet.error.BasicErrorController.error(javax.servlet.http.HttpServletRequest)
[2018-07-02 17:50:56.228] [main] INFO  o.s.w.s.m.m.a.RequestMappingHandlerMapping - Mapped "{[/error],produces=[text/html]}" onto public org.springframework.web.servlet.ModelAndView org.springframework.boot.autoconfigure.web.servlet.error.BasicErrorController.errorHtml(javax.servlet.http.HttpServletRequest,javax.servlet.http.HttpServletResponse)
[2018-07-02 17:50:56.258] [main] INFO  o.s.web.servlet.handler.SimpleUrlHandlerMapping - Mapped URL path [/webjars/**] onto handler of type [class org.springframework.web.servlet.resource.ResourceHttpRequestHandler]
[2018-07-02 17:50:56.259] [main] INFO  o.s.web.servlet.handler.SimpleUrlHandlerMapping - Mapped URL path [/**] onto handler of type [class org.springframework.web.servlet.resource.ResourceHttpRequestHandler]
[2018-07-02 17:50:56.625] [main] INFO  o.s.scheduling.concurrent.ThreadPoolTaskExecutor - Initializing ExecutorService 
[2018-07-02 17:50:56.999] [main] INFO  com.lv.zupu.ZupuApplicationTests - Started ZupuApplicationTests in 4.032 seconds (JVM running for 4.984)
[2018-07-02 17:50:57.534] [Thread-3] INFO  o.s.w.context.support.GenericWebApplicationContext - Closing org.springframework.web.context.support.GenericWebApplicationContext@403f0a22: startup date [Mon Jul 02 17:50:53 GMT+08:00 2018]; root of context hierarchy
[2018-07-02 17:50:57.545] [Thread-3] INFO  o.s.scheduling.concurrent.ThreadPoolTaskExecutor - Shutting down ExecutorService
[2018-07-02 17:50:57.557] [Thread-3] INFO  com.alibaba.druid.pool.DruidDataSource - {dataSource-1} closed
