[2018-07-02 18:01:57.870] [main] INFO  com.lv.zupu.ZupuApplicationTests - Starting ZupuApplicationTests on WIN7U-20170329W with PID 12120 (started by Administrator in D:\resource\workspace\zupu\zupu_family)
[2018-07-02 18:01:57.880] [main] INFO  com.lv.zupu.ZupuApplicationTests - No active profile set, falling back to default profiles: default
[2018-07-02 18:01:57.939] [main] INFO  o.s.w.context.support.GenericWebApplicationContext - Refreshing org.springframework.web.context.support.GenericWebApplicationContext@77825085: startup date [Mon Jul 02 18:01:57 GMT+08:00 2018]; root of context hierarchy
[2018-07-02 18:01:59.096] [main] INFO  o.s.d.r.config.RepositoryConfigurationDelegate - Multiple Spring Data modules found, entering strict repository configuration mode!
[2018-07-02 18:01:59.744] [main] INFO  o.s.c.s.PostProcessorRegistrationDelegate$BeanPostProcessorChecker - Bean 'org.springframework.transaction.annotation.ProxyTransactionManagementConfiguration' of type [org.springframework.transaction.annotation.ProxyTransactionManagementConfiguration$$EnhancerBySpringCGLIB$$c4d0009a] is not eligible for getting processed by all BeanPostProcessors (for example: not eligible for auto-proxying)
[2018-07-02 18:02:00.054] [main] INFO  c.a.d.s.b.a.DruidDataSourceAutoConfigure - Init DruidDataSource
[2018-07-02 18:02:00.660] [main] INFO  com.alibaba.druid.pool.DruidDataSource - {dataSource-1} inited
[2018-07-02 18:02:01.367] [main] INFO  o.s.web.servlet.handler.SimpleUrlHandlerMapping - Mapped URL path [/**/favicon.ico] onto handler of type [class org.springframework.web.servlet.resource.ResourceHttpRequestHandler]
[2018-07-02 18:02:01.784] [main] INFO  o.s.w.s.m.m.a.RequestMappingHandlerAdapter - Looking for @ControllerAdvice: org.springframework.web.context.support.GenericWebApplicationContext@77825085: startup date [Mon Jul 02 18:01:57 GMT+08:00 2018]; root of context hierarchy
[2018-07-02 18:02:01.867] [main] INFO  o.s.w.s.m.m.a.RequestMappingHandlerMapping - Mapped "{[/error]}" onto public org.springframework.http.ResponseEntity<java.util.Map<java.lang.String, java.lang.Object>> org.springframework.boot.autoconfigure.web.servlet.error.BasicErrorController.error(javax.servlet.http.HttpServletRequest)
[2018-07-02 18:02:01.868] [main] INFO  o.s.w.s.m.m.a.RequestMappingHandlerMapping - Mapped "{[/error],produces=[text/html]}" onto public org.springframework.web.servlet.ModelAndView org.springframework.boot.autoconfigure.web.servlet.error.BasicErrorController.errorHtml(javax.servlet.http.HttpServletRequest,javax.servlet.http.HttpServletResponse)
[2018-07-02 18:02:01.895] [main] INFO  o.s.web.servlet.handler.SimpleUrlHandlerMapping - Mapped URL path [/webjars/**] onto handler of type [class org.springframework.web.servlet.resource.ResourceHttpRequestHandler]
[2018-07-02 18:02:01.895] [main] INFO  o.s.web.servlet.handler.SimpleUrlHandlerMapping - Mapped URL path [/**] onto handler of type [class org.springframework.web.servlet.resource.ResourceHttpRequestHandler]
[2018-07-02 18:02:02.464] [main] INFO  o.s.scheduling.concurrent.ThreadPoolTaskExecutor - Initializing ExecutorService 
[2018-07-02 18:02:02.827] [main] INFO  com.lv.zupu.ZupuApplicationTests - Started ZupuApplicationTests in 5.998 seconds (JVM running for 7.728)
[2018-07-02 18:02:03.527] [Thread-3] INFO  o.s.w.context.support.GenericWebApplicationContext - Closing org.springframework.web.context.support.GenericWebApplicationContext@77825085: startup date [Mon Jul 02 18:01:57 GMT+08:00 2018]; root of context hierarchy
[2018-07-02 18:02:03.563] [Thread-3] INFO  o.s.scheduling.concurrent.ThreadPoolTaskExecutor - Shutting down ExecutorService
[2018-07-02 18:02:03.573] [Thread-3] INFO  com.alibaba.druid.pool.DruidDataSource - {dataSource-1} closed
[2018-07-02 18:20:29.336] [main] INFO  com.lv.zupu.ZupuApplicationTests - Starting ZupuApplicationTests on WIN7U-20170329W with PID 12908 (started by Administrator in D:\resource\workspace\zupu\zupu_family)
[2018-07-02 18:20:29.350] [main] INFO  com.lv.zupu.ZupuApplicationTests - No active profile set, falling back to default profiles: default
[2018-07-02 18:20:29.400] [main] INFO  o.s.w.context.support.GenericWebApplicationContext - Refreshing org.springframework.web.context.support.GenericWebApplicationContext@3568f9d2: startup date [Mon Jul 02 18:20:29 GMT+08:00 2018]; root of context hierarchy
[2018-07-02 18:20:30.456] [main] INFO  o.s.d.r.config.RepositoryConfigurationDelegate - Multiple Spring Data modules found, entering strict repository configuration mode!
[2018-07-02 18:20:30.908] [main] INFO  o.s.c.s.PostProcessorRegistrationDelegate$BeanPostProcessorChecker - Bean 'org.springframework.transaction.annotation.ProxyTransactionManagementConfiguration' of type [org.springframework.transaction.annotation.ProxyTransactionManagementConfiguration$$EnhancerBySpringCGLIB$$a2e64d2d] is not eligible for getting processed by all BeanPostProcessors (for example: not eligible for auto-proxying)
[2018-07-02 18:20:31.225] [main] INFO  c.a.d.s.b.a.DruidDataSourceAutoConfigure - Init DruidDataSource
[2018-07-02 18:20:31.821] [main] INFO  com.alibaba.druid.pool.DruidDataSource - {dataSource-1} inited
[2018-07-02 18:20:32.614] [main] INFO  o.s.web.servlet.handler.SimpleUrlHandlerMapping - Mapped URL path [/**/favicon.ico] onto handler of type [class org.springframework.web.servlet.resource.ResourceHttpRequestHandler]
[2018-07-02 18:20:33.049] [main] INFO  o.s.w.s.m.m.a.RequestMappingHandlerAdapter - Looking for @ControllerAdvice: org.springframework.web.context.support.GenericWebApplicationContext@3568f9d2: startup date [Mon Jul 02 18:20:29 GMT+08:00 2018]; root of context hierarchy
[2018-07-02 18:20:33.155] [main] INFO  o.s.w.s.m.m.a.RequestMappingHandlerMapping - Mapped "{[/error]}" onto public org.springframework.http.ResponseEntity<java.util.Map<java.lang.String, java.lang.Object>> org.springframework.boot.autoconfigure.web.servlet.error.BasicErrorController.error(javax.servlet.http.HttpServletRequest)
[2018-07-02 18:20:33.157] [main] INFO  o.s.w.s.m.m.a.RequestMappingHandlerMapping - Mapped "{[/error],produces=[text/html]}" onto public org.springframework.web.servlet.ModelAndView org.springframework.boot.autoconfigure.web.servlet.error.BasicErrorController.errorHtml(javax.servlet.http.HttpServletRequest,javax.servlet.http.HttpServletResponse)
[2018-07-02 18:20:33.178] [main] INFO  o.s.web.servlet.handler.SimpleUrlHandlerMapping - Mapped URL path [/webjars/**] onto handler of type [class org.springframework.web.servlet.resource.ResourceHttpRequestHandler]
[2018-07-02 18:20:33.178] [main] INFO  o.s.web.servlet.handler.SimpleUrlHandlerMapping - Mapped URL path [/**] onto handler of type [class org.springframework.web.servlet.resource.ResourceHttpRequestHandler]
[2018-07-02 18:20:33.834] [main] INFO  o.s.scheduling.concurrent.ThreadPoolTaskExecutor - Initializing ExecutorService 
[2018-07-02 18:20:34.215] [main] INFO  com.lv.zupu.ZupuApplicationTests - Started ZupuApplicationTests in 5.652 seconds (JVM running for 7.207)
[2018-07-02 18:20:34.897] [Thread-3] INFO  o.s.w.context.support.GenericWebApplicationContext - Closing org.springframework.web.context.support.GenericWebApplicationContext@3568f9d2: startup date [Mon Jul 02 18:20:29 GMT+08:00 2018]; root of context hierarchy
[2018-07-02 18:20:34.935] [Thread-3] INFO  o.s.scheduling.concurrent.ThreadPoolTaskExecutor - Shutting down ExecutorService
[2018-07-02 18:20:34.944] [Thread-3] INFO  com.alibaba.druid.pool.DruidDataSource - {dataSource-1} closed
[2018-07-02 18:21:03.936] [main] INFO  com.lv.zupu.ZupuApplicationTests - Starting ZupuApplicationTests on WIN7U-20170329W with PID 5676 (started by Administrator in D:\resource\workspace\zupu\zupu_family)
[2018-07-02 18:21:03.937] [main] INFO  com.lv.zupu.ZupuApplicationTests - No active profile set, falling back to default profiles: default
[2018-07-02 18:21:03.967] [main] INFO  o.s.w.context.support.GenericWebApplicationContext - Refreshing org.springframework.web.context.support.GenericWebApplicationContext@3568f9d2: startup date [Mon Jul 02 18:21:03 GMT+08:00 2018]; root of context hierarchy
[2018-07-02 18:21:04.657] [main] INFO  o.s.d.r.config.RepositoryConfigurationDelegate - Multiple Spring Data modules found, entering strict repository configuration mode!
[2018-07-02 18:21:05.030] [main] INFO  o.s.c.s.PostProcessorRegistrationDelegate$BeanPostProcessorChecker - Bean 'org.springframework.transaction.annotation.ProxyTransactionManagementConfiguration' of type [org.springframework.transaction.annotation.ProxyTransactionManagementConfiguration$$EnhancerBySpringCGLIB$$c847d28d] is not eligible for getting processed by all BeanPostProcessors (for example: not eligible for auto-proxying)
[2018-07-02 18:21:05.245] [main] INFO  c.a.d.s.b.a.DruidDataSourceAutoConfigure - Init DruidDataSource
[2018-07-02 18:21:05.670] [main] INFO  com.alibaba.druid.pool.DruidDataSource - {dataSource-1} inited
[2018-07-02 18:21:06.128] [main] INFO  o.s.web.servlet.handler.SimpleUrlHandlerMapping - Mapped URL path [/**/favicon.ico] onto handler of type [class org.springframework.web.servlet.resource.ResourceHttpRequestHandler]
[2018-07-02 18:21:06.385] [main] INFO  o.s.w.s.m.m.a.RequestMappingHandlerAdapter - Looking for @ControllerAdvice: org.springframework.web.context.support.GenericWebApplicationContext@3568f9d2: startup date [Mon Jul 02 18:21:03 GMT+08:00 2018]; root of context hierarchy
[2018-07-02 18:21:06.444] [main] INFO  o.s.w.s.m.m.a.RequestMappingHandlerMapping - Mapped "{[/error]}" onto public org.springframework.http.ResponseEntity<java.util.Map<java.lang.String, java.lang.Object>> org.springframework.boot.autoconfigure.web.servlet.error.BasicErrorController.error(javax.servlet.http.HttpServletRequest)
[2018-07-02 18:21:06.446] [main] INFO  o.s.w.s.m.m.a.RequestMappingHandlerMapping - Mapped "{[/error],produces=[text/html]}" onto public org.springframework.web.servlet.ModelAndView org.springframework.boot.autoconfigure.web.servlet.error.BasicErrorController.errorHtml(javax.servlet.http.HttpServletRequest,javax.servlet.http.HttpServletResponse)
[2018-07-02 18:21:06.471] [main] INFO  o.s.web.servlet.handler.SimpleUrlHandlerMapping - Mapped URL path [/webjars/**] onto handler of type [class org.springframework.web.servlet.resource.ResourceHttpRequestHandler]
[2018-07-02 18:21:06.471] [main] INFO  o.s.web.servlet.handler.SimpleUrlHandlerMapping - Mapped URL path [/**] onto handler of type [class org.springframework.web.servlet.resource.ResourceHttpRequestHandler]
[2018-07-02 18:21:06.768] [main] INFO  o.s.scheduling.concurrent.ThreadPoolTaskExecutor - Initializing ExecutorService 
[2018-07-02 18:21:07.131] [main] INFO  com.lv.zupu.ZupuApplicationTests - Started ZupuApplicationTests in 3.859 seconds (JVM running for 4.857)
[2018-07-02 18:21:07.426] [Thread-3] INFO  o.s.w.context.support.GenericWebApplicationContext - Closing org.springframework.web.context.support.GenericWebApplicationContext@3568f9d2: startup date [Mon Jul 02 18:21:03 GMT+08:00 2018]; root of context hierarchy
[2018-07-02 18:21:07.443] [Thread-3] INFO  o.s.scheduling.concurrent.ThreadPoolTaskExecutor - Shutting down ExecutorService
[2018-07-02 18:21:07.457] [Thread-3] INFO  com.alibaba.druid.pool.DruidDataSource - {dataSource-1} closed
[2018-07-02 18:21:26.233] [main] INFO  com.lv.zupu.ZupuApplicationTests - Starting ZupuApplicationTests on WIN7U-20170329W with PID 10556 (started by Administrator in D:\resource\workspace\zupu\zupu_family)
[2018-07-02 18:21:26.233] [main] INFO  com.lv.zupu.ZupuApplicationTests - No active profile set, falling back to default profiles: default
[2018-07-02 18:21:26.262] [main] INFO  o.s.w.context.support.GenericWebApplicationContext - Refreshing org.springframework.web.context.support.GenericWebApplicationContext@1d035be3: startup date [Mon Jul 02 18:21:26 GMT+08:00 2018]; root of context hierarchy
[2018-07-02 18:21:26.845] [main] INFO  o.s.d.r.config.RepositoryConfigurationDelegate - Multiple Spring Data modules found, entering strict repository configuration mode!
[2018-07-02 18:21:27.311] [main] INFO  o.s.c.s.PostProcessorRegistrationDelegate$BeanPostProcessorChecker - Bean 'org.springframework.transaction.annotation.ProxyTransactionManagementConfiguration' of type [org.springframework.transaction.annotation.ProxyTransactionManagementConfiguration$$EnhancerBySpringCGLIB$$9f31f7db] is not eligible for getting processed by all BeanPostProcessors (for example: not eligible for auto-proxying)
[2018-07-02 18:21:27.538] [main] INFO  c.a.d.s.b.a.DruidDataSourceAutoConfigure - Init DruidDataSource
[2018-07-02 18:21:27.961] [main] INFO  com.alibaba.druid.pool.DruidDataSource - {dataSource-1} inited
[2018-07-02 18:21:28.529] [main] INFO  o.s.web.servlet.handler.SimpleUrlHandlerMapping - Mapped URL path [/**/favicon.ico] onto handler of type [class org.springframework.web.servlet.resource.ResourceHttpRequestHandler]
[2018-07-02 18:21:28.873] [main] INFO  o.s.w.s.m.m.a.RequestMappingHandlerAdapter - Looking for @ControllerAdvice: org.springframework.web.context.support.GenericWebApplicationContext@1d035be3: startup date [Mon Jul 02 18:21:26 GMT+08:00 2018]; root of context hierarchy
[2018-07-02 18:21:28.975] [main] INFO  o.s.w.s.m.m.a.RequestMappingHandlerMapping - Mapped "{[/error]}" onto public org.springframework.http.ResponseEntity<java.util.Map<java.lang.String, java.lang.Object>> org.springframework.boot.autoconfigure.web.servlet.error.BasicErrorController.error(javax.servlet.http.HttpServletRequest)
[2018-07-02 18:21:28.977] [main] INFO  o.s.w.s.m.m.a.RequestMappingHandlerMapping - Mapped "{[/error],produces=[text/html]}" onto public org.springframework.web.servlet.ModelAndView org.springframework.boot.autoconfigure.web.servlet.error.BasicErrorController.errorHtml(javax.servlet.http.HttpServletRequest,javax.servlet.http.HttpServletResponse)
[2018-07-02 18:21:29.010] [main] INFO  o.s.web.servlet.handler.SimpleUrlHandlerMapping - Mapped URL path [/webjars/**] onto handler of type [class org.springframework.web.servlet.resource.ResourceHttpRequestHandler]
[2018-07-02 18:21:29.010] [main] INFO  o.s.web.servlet.handler.SimpleUrlHandlerMapping - Mapped URL path [/**] onto handler of type [class org.springframework.web.servlet.resource.ResourceHttpRequestHandler]
[2018-07-02 18:21:29.451] [main] INFO  o.s.scheduling.concurrent.ThreadPoolTaskExecutor - Initializing ExecutorService 
[2018-07-02 18:21:29.836] [main] INFO  com.lv.zupu.ZupuApplicationTests - Started ZupuApplicationTests in 4.022 seconds (JVM running for 5.963)
[2018-07-02 18:23:25.014] [Thread-3] INFO  o.s.w.context.support.GenericWebApplicationContext - Closing org.springframework.web.context.support.GenericWebApplicationContext@1d035be3: startup date [Mon Jul 02 18:21:26 GMT+08:00 2018]; root of context hierarchy
[2018-07-02 18:23:25.051] [Thread-3] INFO  o.s.scheduling.concurrent.ThreadPoolTaskExecutor - Shutting down ExecutorService
[2018-07-02 18:23:25.066] [Thread-3] INFO  com.alibaba.druid.pool.DruidDataSource - {dataSource-1} closed
[2018-07-02 18:25:51.375] [main] INFO  com.lv.zupu.ZupuApplicationTests - Starting ZupuApplicationTests on WIN7U-20170329W with PID 7392 (started by Administrator in D:\resource\workspace\zupu\zupu_family)
[2018-07-02 18:25:51.377] [main] INFO  com.lv.zupu.ZupuApplicationTests - No active profile set, falling back to default profiles: default
[2018-07-02 18:25:51.434] [main] INFO  o.s.w.context.support.GenericWebApplicationContext - Refreshing org.springframework.web.context.support.GenericWebApplicationContext@3568f9d2: startup date [Mon Jul 02 18:25:51 GMT+08:00 2018]; root of context hierarchy
[2018-07-02 18:25:52.453] [main] INFO  o.s.d.r.config.RepositoryConfigurationDelegate - Multiple Spring Data modules found, entering strict repository configuration mode!
[2018-07-02 18:25:52.905] [main] INFO  o.s.c.s.PostProcessorRegistrationDelegate$BeanPostProcessorChecker - Bean 'org.springframework.transaction.annotation.ProxyTransactionManagementConfiguration' of type [org.springframework.transaction.annotation.ProxyTransactionManagementConfiguration$$EnhancerBySpringCGLIB$$965ff71] is not eligible for getting processed by all BeanPostProcessors (for example: not eligible for auto-proxying)
[2018-07-02 18:25:53.358] [main] INFO  c.a.d.s.b.a.DruidDataSourceAutoConfigure - Init DruidDataSource
[2018-07-02 18:25:53.999] [main] INFO  com.alibaba.druid.pool.DruidDataSource - {dataSource-1} inited
[2018-07-02 18:25:54.651] [main] INFO  o.s.web.servlet.handler.SimpleUrlHandlerMapping - Mapped URL path [/**/favicon.ico] onto handler of type [class org.springframework.web.servlet.resource.ResourceHttpRequestHandler]
[2018-07-02 18:25:54.981] [main] INFO  o.s.w.s.m.m.a.RequestMappingHandlerAdapter - Looking for @ControllerAdvice: org.springframework.web.context.support.GenericWebApplicationContext@3568f9d2: startup date [Mon Jul 02 18:25:51 GMT+08:00 2018]; root of context hierarchy
[2018-07-02 18:25:55.051] [main] INFO  o.s.w.s.m.m.a.RequestMappingHandlerMapping - Mapped "{[/error]}" onto public org.springframework.http.ResponseEntity<java.util.Map<java.lang.String, java.lang.Object>> org.springframework.boot.autoconfigure.web.servlet.error.BasicErrorController.error(javax.servlet.http.HttpServletRequest)
[2018-07-02 18:25:55.052] [main] INFO  o.s.w.s.m.m.a.RequestMappingHandlerMapping - Mapped "{[/error],produces=[text/html]}" onto public org.springframework.web.servlet.ModelAndView org.springframework.boot.autoconfigure.web.servlet.error.BasicErrorController.errorHtml(javax.servlet.http.HttpServletRequest,javax.servlet.http.HttpServletResponse)
[2018-07-02 18:25:55.074] [main] INFO  o.s.web.servlet.handler.SimpleUrlHandlerMapping - Mapped URL path [/webjars/**] onto handler of type [class org.springframework.web.servlet.resource.ResourceHttpRequestHandler]
[2018-07-02 18:25:55.075] [main] INFO  o.s.web.servlet.handler.SimpleUrlHandlerMapping - Mapped URL path [/**] onto handler of type [class org.springframework.web.servlet.resource.ResourceHttpRequestHandler]
[2018-07-02 18:25:55.670] [main] INFO  o.s.scheduling.concurrent.ThreadPoolTaskExecutor - Initializing ExecutorService 
[2018-07-02 18:25:56.029] [main] INFO  com.lv.zupu.ZupuApplicationTests - Started ZupuApplicationTests in 5.246 seconds (JVM running for 6.219)
[2018-07-02 18:25:56.835] [Thread-3] INFO  o.s.w.context.support.GenericWebApplicationContext - Closing org.springframework.web.context.support.GenericWebApplicationContext@3568f9d2: startup date [Mon Jul 02 18:25:51 GMT+08:00 2018]; root of context hierarchy
[2018-07-02 18:25:56.992] [Thread-3] INFO  o.s.scheduling.concurrent.ThreadPoolTaskExecutor - Shutting down ExecutorService
[2018-07-02 18:25:57.008] [Thread-3] INFO  com.alibaba.druid.pool.DruidDataSource - {dataSource-1} closed
[2018-07-02 18:26:11.389] [main] INFO  com.lv.zupu.ZupuApplicationTests - Starting ZupuApplicationTests on WIN7U-20170329W with PID 4768 (started by Administrator in D:\resource\workspace\zupu\zupu_family)
[2018-07-02 18:26:11.391] [main] INFO  com.lv.zupu.ZupuApplicationTests - No active profile set, falling back to default profiles: default
[2018-07-02 18:26:11.423] [main] INFO  o.s.w.context.support.GenericWebApplicationContext - Refreshing org.springframework.web.context.support.GenericWebApplicationContext@61533ae: startup date [Mon Jul 02 18:26:11 GMT+08:00 2018]; root of context hierarchy
[2018-07-02 18:26:12.169] [main] INFO  o.s.d.r.config.RepositoryConfigurationDelegate - Multiple Spring Data modules found, entering strict repository configuration mode!
[2018-07-02 18:26:12.628] [main] INFO  o.s.c.s.PostProcessorRegistrationDelegate$BeanPostProcessorChecker - Bean 'org.springframework.transaction.annotation.ProxyTransactionManagementConfiguration' of type [org.springframework.transaction.annotation.ProxyTransactionManagementConfiguration$$EnhancerBySpringCGLIB$$4e8f19e9] is not eligible for getting processed by all BeanPostProcessors (for example: not eligible for auto-proxying)
[2018-07-02 18:26:12.914] [main] INFO  c.a.d.s.b.a.DruidDataSourceAutoConfigure - Init DruidDataSource
[2018-07-02 18:26:13.316] [main] INFO  com.alibaba.druid.pool.DruidDataSource - {dataSource-1} inited
[2018-07-02 18:26:13.818] [main] INFO  o.s.web.servlet.handler.SimpleUrlHandlerMapping - Mapped URL path [/**/favicon.ico] onto handler of type [class org.springframework.web.servlet.resource.ResourceHttpRequestHandler]
[2018-07-02 18:26:14.149] [main] INFO  o.s.w.s.m.m.a.RequestMappingHandlerAdapter - Looking for @ControllerAdvice: org.springframework.web.context.support.GenericWebApplicationContext@61533ae: startup date [Mon Jul 02 18:26:11 GMT+08:00 2018]; root of context hierarchy
[2018-07-02 18:26:14.236] [main] INFO  o.s.w.s.m.m.a.RequestMappingHandlerMapping - Mapped "{[/error]}" onto public org.springframework.http.ResponseEntity<java.util.Map<java.lang.String, java.lang.Object>> org.springframework.boot.autoconfigure.web.servlet.error.BasicErrorController.error(javax.servlet.http.HttpServletRequest)
[2018-07-02 18:26:14.238] [main] INFO  o.s.w.s.m.m.a.RequestMappingHandlerMapping - Mapped "{[/error],produces=[text/html]}" onto public org.springframework.web.servlet.ModelAndView org.springframework.boot.autoconfigure.web.servlet.error.BasicErrorController.errorHtml(javax.servlet.http.HttpServletRequest,javax.servlet.http.HttpServletResponse)
[2018-07-02 18:26:14.272] [main] INFO  o.s.web.servlet.handler.SimpleUrlHandlerMapping - Mapped URL path [/webjars/**] onto handler of type [class org.springframework.web.servlet.resource.ResourceHttpRequestHandler]
[2018-07-02 18:26:14.272] [main] INFO  o.s.web.servlet.handler.SimpleUrlHandlerMapping - Mapped URL path [/**] onto handler of type [class org.springframework.web.servlet.resource.ResourceHttpRequestHandler]
[2018-07-02 18:26:14.697] [main] INFO  o.s.scheduling.concurrent.ThreadPoolTaskExecutor - Initializing ExecutorService 
[2018-07-02 18:26:15.115] [main] INFO  com.lv.zupu.ZupuApplicationTests - Started ZupuApplicationTests in 4.345 seconds (JVM running for 5.565)
[2018-07-02 18:26:41.232] [Thread-3] INFO  o.s.w.context.support.GenericWebApplicationContext - Closing org.springframework.web.context.support.GenericWebApplicationContext@61533ae: startup date [Mon Jul 02 18:26:11 GMT+08:00 2018]; root of context hierarchy
[2018-07-02 18:26:41.245] [Thread-3] INFO  o.s.scheduling.concurrent.ThreadPoolTaskExecutor - Shutting down ExecutorService
[2018-07-02 18:26:41.251] [Thread-3] INFO  com.alibaba.druid.pool.DruidDataSource - {dataSource-1} closed
